ERROR - 2026-04-17 10:29:39 --> Error connecting to the database: mysqli_sql_exception: No such file or directory in /home/itu/L2/S4/Rojo/codeigniter4-framework-b3359be/system/Database/MySQLi/Connection.php:201
Stack trace:
#0 /home/itu/L2/S4/Rojo/codeigniter4-framework-b3359be/system/Database/MySQLi/Connection.php(201): mysqli->real_connect()
#1 /home/itu/L2/S4/Rojo/codeigniter4-framework-b3359be/system/Database/BaseConnection.php(555): CodeIgniter\Database\MySQLi\Connection->connect()
#2 /home/itu/L2/S4/Rojo/codeigniter4-framework-b3359be/system/Database/BaseConnection.php(795): CodeIgniter\Database\BaseConnection->initialize()
#3 /home/itu/L2/S4/Rojo/codeigniter4-framework-b3359be/system/Database/BaseBuilder.php(1649): CodeIgniter\Database\BaseConnection->query()
#4 /home/itu/L2/S4/Rojo/codeigniter4-framework-b3359be/system/Model.php(253): CodeIgniter\Database\BaseBuilder->get()
#5 /home/itu/L2/S4/Rojo/codeigniter4-framework-b3359be/system/BaseModel.php(676): CodeIgniter\Model->doFindAll()
#6 /home/itu/L2/S4/Rojo/codeigniter4-framework-b3359be/app/Controllers/Livre.php(12): CodeIgniter\BaseModel->findAll()
#7 /home/itu/L2/S4/Rojo/codeigniter4-framework-b3359be/system/CodeIgniter.php(951): App\Controllers\Livre->index()
#8 /home/itu/L2/S4/Rojo/codeigniter4-framework-b3359be/system/CodeIgniter.php(497): CodeIgniter\CodeIgniter->runController()
#9 /home/itu/L2/S4/Rojo/codeigniter4-framework-b3359be/system/CodeIgniter.php(340): CodeIgniter\CodeIgniter->handleRequest()
#10 /home/itu/L2/S4/Rojo/codeigniter4-framework-b3359be/system/Boot.php(417): CodeIgniter\CodeIgniter->run()
#11 /home/itu/L2/S4/Rojo/codeigniter4-framework-b3359be/system/Boot.php(68): CodeIgniter\Boot::runCodeIgniter()
#12 /home/itu/L2/S4/Rojo/codeigniter4-framework-b3359be/public/index.php(59): CodeIgniter\Boot::bootWeb()
#13 {main}

Next CodeIgniter\Database\Exceptions\DatabaseException: No such file or directory in /home/itu/L2/S4/Rojo/codeigniter4-framework-b3359be/system/Database/MySQLi/Connection.php:231
Stack trace:
#0 /home/itu/L2/S4/Rojo/codeigniter4-framework-b3359be/system/Database/BaseConnection.php(555): CodeIgniter\Database\MySQLi\Connection->connect()
#1 /home/itu/L2/S4/Rojo/codeigniter4-framework-b3359be/system/Database/BaseConnection.php(795): CodeIgniter\Database\BaseConnection->initialize()
#2 /home/itu/L2/S4/Rojo/codeigniter4-framework-b3359be/system/Database/BaseBuilder.php(1649): CodeIgniter\Database\BaseConnection->query()
#3 /home/itu/L2/S4/Rojo/codeigniter4-framework-b3359be/system/Model.php(253): CodeIgniter\Database\BaseBuilder->get()
#4 /home/itu/L2/S4/Rojo/codeigniter4-framework-b3359be/system/BaseModel.php(676): CodeIgniter\Model->doFindAll()
#5 /home/itu/L2/S4/Rojo/codeigniter4-framework-b3359be/app/Controllers/Livre.php(12): CodeIgniter\BaseModel->findAll()
#6 /home/itu/L2/S4/Rojo/codeigniter4-framework-b3359be/system/CodeIgniter.php(951): App\Controllers\Livre->index()
#7 /home/itu/L2/S4/Rojo/codeigniter4-framework-b3359be/system/CodeIgniter.php(497): CodeIgniter\CodeIgniter->runController()
#8 /home/itu/L2/S4/Rojo/codeigniter4-framework-b3359be/system/CodeIgniter.php(340): CodeIgniter\CodeIgniter->handleRequest()
#9 /home/itu/L2/S4/Rojo/codeigniter4-framework-b3359be/system/Boot.php(417): CodeIgniter\CodeIgniter->run()
#10 /home/itu/L2/S4/Rojo/codeigniter4-framework-b3359be/system/Boot.php(68): CodeIgniter\Boot::runCodeIgniter()
#11 /home/itu/L2/S4/Rojo/codeigniter4-framework-b3359be/public/index.php(59): CodeIgniter\Boot::bootWeb()
#12 {main}
CRITICAL - 2026-04-17 10:29:39 --> CodeIgniter\Database\Exceptions\DatabaseException: Unable to connect to the database.
Main connection [MySQLi]: No such file or directory
[Method: GET, Route: livres]
in SYSTEMPATH/Database/BaseConnection.php on line 606.
 1 SYSTEMPATH/Database/BaseConnection.php(795): CodeIgniter\Database\BaseConnection->initialize()
 2 SYSTEMPATH/Database/BaseBuilder.php(1649): CodeIgniter\Database\BaseConnection->query()
 3 SYSTEMPATH/Model.php(253): CodeIgniter\Database\BaseBuilder->get()
 4 SYSTEMPATH/BaseModel.php(676): CodeIgniter\Model->doFindAll()
 5 APPPATH/Controllers/Livre.php(12): CodeIgniter\BaseModel->findAll()
 6 SYSTEMPATH/CodeIgniter.php(951): App\Controllers\Livre->index()
 7 SYSTEMPATH/CodeIgniter.php(497): CodeIgniter\CodeIgniter->runController()
 8 SYSTEMPATH/CodeIgniter.php(340): CodeIgniter\CodeIgniter->handleRequest()
 9 SYSTEMPATH/Boot.php(417): CodeIgniter\CodeIgniter->run()
10 SYSTEMPATH/Boot.php(68): CodeIgniter\Boot::runCodeIgniter()
11 FCPATH/index.php(59): CodeIgniter\Boot::bootWeb()
ERROR - 2026-04-17 10:49:40 --> Error connecting to the database: mysqli_sql_exception: No such file or directory in /home/itu/L2/S4/Rojo/codeigniter4-framework-b3359be/system/Database/MySQLi/Connection.php:201
Stack trace:
#0 /home/itu/L2/S4/Rojo/codeigniter4-framework-b3359be/system/Database/MySQLi/Connection.php(201): mysqli->real_connect()
#1 /home/itu/L2/S4/Rojo/codeigniter4-framework-b3359be/system/Database/BaseConnection.php(555): CodeIgniter\Database\MySQLi\Connection->connect()
#2 /home/itu/L2/S4/Rojo/codeigniter4-framework-b3359be/system/Database/BaseConnection.php(795): CodeIgniter\Database\BaseConnection->initialize()
#3 /home/itu/L2/S4/Rojo/codeigniter4-framework-b3359be/system/Database/BaseBuilder.php(1649): CodeIgniter\Database\BaseConnection->query()
#4 /home/itu/L2/S4/Rojo/codeigniter4-framework-b3359be/system/Model.php(253): CodeIgniter\Database\BaseBuilder->get()
#5 /home/itu/L2/S4/Rojo/codeigniter4-framework-b3359be/system/BaseModel.php(676): CodeIgniter\Model->doFindAll()
#6 /home/itu/L2/S4/Rojo/codeigniter4-framework-b3359be/app/Controllers/Livre.php(12): CodeIgniter\BaseModel->findAll()
#7 /home/itu/L2/S4/Rojo/codeigniter4-framework-b3359be/system/CodeIgniter.php(951): App\Controllers\Livre->index()
#8 /home/itu/L2/S4/Rojo/codeigniter4-framework-b3359be/system/CodeIgniter.php(497): CodeIgniter\CodeIgniter->runController()
#9 /home/itu/L2/S4/Rojo/codeigniter4-framework-b3359be/system/CodeIgniter.php(340): CodeIgniter\CodeIgniter->handleRequest()
#10 /home/itu/L2/S4/Rojo/codeigniter4-framework-b3359be/system/Boot.php(417): CodeIgniter\CodeIgniter->run()
#11 /home/itu/L2/S4/Rojo/codeigniter4-framework-b3359be/system/Boot.php(68): CodeIgniter\Boot::runCodeIgniter()
#12 /home/itu/L2/S4/Rojo/codeigniter4-framework-b3359be/public/index.php(59): CodeIgniter\Boot::bootWeb()
#13 {main}

Next CodeIgniter\Database\Exceptions\DatabaseException: No such file or directory in /home/itu/L2/S4/Rojo/codeigniter4-framework-b3359be/system/Database/MySQLi/Connection.php:231
Stack trace:
#0 /home/itu/L2/S4/Rojo/codeigniter4-framework-b3359be/system/Database/BaseConnection.php(555): CodeIgniter\Database\MySQLi\Connection->connect()
#1 /home/itu/L2/S4/Rojo/codeigniter4-framework-b3359be/system/Database/BaseConnection.php(795): CodeIgniter\Database\BaseConnection->initialize()
#2 /home/itu/L2/S4/Rojo/codeigniter4-framework-b3359be/system/Database/BaseBuilder.php(1649): CodeIgniter\Database\BaseConnection->query()
#3 /home/itu/L2/S4/Rojo/codeigniter4-framework-b3359be/system/Model.php(253): CodeIgniter\Database\BaseBuilder->get()
#4 /home/itu/L2/S4/Rojo/codeigniter4-framework-b3359be/system/BaseModel.php(676): CodeIgniter\Model->doFindAll()
#5 /home/itu/L2/S4/Rojo/codeigniter4-framework-b3359be/app/Controllers/Livre.php(12): CodeIgniter\BaseModel->findAll()
#6 /home/itu/L2/S4/Rojo/codeigniter4-framework-b3359be/system/CodeIgniter.php(951): App\Controllers\Livre->index()
#7 /home/itu/L2/S4/Rojo/codeigniter4-framework-b3359be/system/CodeIgniter.php(497): CodeIgniter\CodeIgniter->runController()
#8 /home/itu/L2/S4/Rojo/codeigniter4-framework-b3359be/system/CodeIgniter.php(340): CodeIgniter\CodeIgniter->handleRequest()
#9 /home/itu/L2/S4/Rojo/codeigniter4-framework-b3359be/system/Boot.php(417): CodeIgniter\CodeIgniter->run()
#10 /home/itu/L2/S4/Rojo/codeigniter4-framework-b3359be/system/Boot.php(68): CodeIgniter\Boot::runCodeIgniter()
#11 /home/itu/L2/S4/Rojo/codeigniter4-framework-b3359be/public/index.php(59): CodeIgniter\Boot::bootWeb()
#12 {main}
CRITICAL - 2026-04-17 10:49:40 --> CodeIgniter\Database\Exceptions\DatabaseException: Unable to connect to the database.
Main connection [MySQLi]: No such file or directory
[Method: GET, Route: livres]
in SYSTEMPATH/Database/BaseConnection.php on line 606.
 1 SYSTEMPATH/Database/BaseConnection.php(795): CodeIgniter\Database\BaseConnection->initialize()
 2 SYSTEMPATH/Database/BaseBuilder.php(1649): CodeIgniter\Database\BaseConnection->query()
 3 SYSTEMPATH/Model.php(253): CodeIgniter\Database\BaseBuilder->get()
 4 SYSTEMPATH/BaseModel.php(676): CodeIgniter\Model->doFindAll()
 5 APPPATH/Controllers/Livre.php(12): CodeIgniter\BaseModel->findAll()
 6 SYSTEMPATH/CodeIgniter.php(951): App\Controllers\Livre->index()
 7 SYSTEMPATH/CodeIgniter.php(497): CodeIgniter\CodeIgniter->runController()
 8 SYSTEMPATH/CodeIgniter.php(340): CodeIgniter\CodeIgniter->handleRequest()
 9 SYSTEMPATH/Boot.php(417): CodeIgniter\CodeIgniter->run()
10 SYSTEMPATH/Boot.php(68): CodeIgniter\Boot::runCodeIgniter()
11 FCPATH/index.php(59): CodeIgniter\Boot::bootWeb()
ERROR - 2026-04-17 10:49:41 --> Error connecting to the database: mysqli_sql_exception: No such file or directory in /home/itu/L2/S4/Rojo/codeigniter4-framework-b3359be/system/Database/MySQLi/Connection.php:201
Stack trace:
#0 /home/itu/L2/S4/Rojo/codeigniter4-framework-b3359be/system/Database/MySQLi/Connection.php(201): mysqli->real_connect()
#1 /home/itu/L2/S4/Rojo/codeigniter4-framework-b3359be/system/Database/BaseConnection.php(555): CodeIgniter\Database\MySQLi\Connection->connect()
#2 /home/itu/L2/S4/Rojo/codeigniter4-framework-b3359be/system/Database/BaseConnection.php(795): CodeIgniter\Database\BaseConnection->initialize()
#3 /home/itu/L2/S4/Rojo/codeigniter4-framework-b3359be/system/Database/BaseBuilder.php(1649): CodeIgniter\Database\BaseConnection->query()
#4 /home/itu/L2/S4/Rojo/codeigniter4-framework-b3359be/system/Model.php(253): CodeIgniter\Database\BaseBuilder->get()
#5 /home/itu/L2/S4/Rojo/codeigniter4-framework-b3359be/system/BaseModel.php(676): CodeIgniter\Model->doFindAll()
#6 /home/itu/L2/S4/Rojo/codeigniter4-framework-b3359be/app/Controllers/Livre.php(12): CodeIgniter\BaseModel->findAll()
#7 /home/itu/L2/S4/Rojo/codeigniter4-framework-b3359be/system/CodeIgniter.php(951): App\Controllers\Livre->index()
#8 /home/itu/L2/S4/Rojo/codeigniter4-framework-b3359be/system/CodeIgniter.php(497): CodeIgniter\CodeIgniter->runController()
#9 /home/itu/L2/S4/Rojo/codeigniter4-framework-b3359be/system/CodeIgniter.php(340): CodeIgniter\CodeIgniter->handleRequest()
#10 /home/itu/L2/S4/Rojo/codeigniter4-framework-b3359be/system/Boot.php(417): CodeIgniter\CodeIgniter->run()
#11 /home/itu/L2/S4/Rojo/codeigniter4-framework-b3359be/system/Boot.php(68): CodeIgniter\Boot::runCodeIgniter()
#12 /home/itu/L2/S4/Rojo/codeigniter4-framework-b3359be/public/index.php(59): CodeIgniter\Boot::bootWeb()
#13 {main}

Next CodeIgniter\Database\Exceptions\DatabaseException: No such file or directory in /home/itu/L2/S4/Rojo/codeigniter4-framework-b3359be/system/Database/MySQLi/Connection.php:231
Stack trace:
#0 /home/itu/L2/S4/Rojo/codeigniter4-framework-b3359be/system/Database/BaseConnection.php(555): CodeIgniter\Database\MySQLi\Connection->connect()
#1 /home/itu/L2/S4/Rojo/codeigniter4-framework-b3359be/system/Database/BaseConnection.php(795): CodeIgniter\Database\BaseConnection->initialize()
#2 /home/itu/L2/S4/Rojo/codeigniter4-framework-b3359be/system/Database/BaseBuilder.php(1649): CodeIgniter\Database\BaseConnection->query()
#3 /home/itu/L2/S4/Rojo/codeigniter4-framework-b3359be/system/Model.php(253): CodeIgniter\Database\BaseBuilder->get()
#4 /home/itu/L2/S4/Rojo/codeigniter4-framework-b3359be/system/BaseModel.php(676): CodeIgniter\Model->doFindAll()
#5 /home/itu/L2/S4/Rojo/codeigniter4-framework-b3359be/app/Controllers/Livre.php(12): CodeIgniter\BaseModel->findAll()
#6 /home/itu/L2/S4/Rojo/codeigniter4-framework-b3359be/system/CodeIgniter.php(951): App\Controllers\Livre->index()
#7 /home/itu/L2/S4/Rojo/codeigniter4-framework-b3359be/system/CodeIgniter.php(497): CodeIgniter\CodeIgniter->runController()
#8 /home/itu/L2/S4/Rojo/codeigniter4-framework-b3359be/system/CodeIgniter.php(340): CodeIgniter\CodeIgniter->handleRequest()
#9 /home/itu/L2/S4/Rojo/codeigniter4-framework-b3359be/system/Boot.php(417): CodeIgniter\CodeIgniter->run()
#10 /home/itu/L2/S4/Rojo/codeigniter4-framework-b3359be/system/Boot.php(68): CodeIgniter\Boot::runCodeIgniter()
#11 /home/itu/L2/S4/Rojo/codeigniter4-framework-b3359be/public/index.php(59): CodeIgniter\Boot::bootWeb()
#12 {main}
CRITICAL - 2026-04-17 10:49:41 --> CodeIgniter\Database\Exceptions\DatabaseException: Unable to connect to the database.
Main connection [MySQLi]: No such file or directory
[Method: GET, Route: livres]
in SYSTEMPATH/Database/BaseConnection.php on line 606.
 1 SYSTEMPATH/Database/BaseConnection.php(795): CodeIgniter\Database\BaseConnection->initialize()
 2 SYSTEMPATH/Database/BaseBuilder.php(1649): CodeIgniter\Database\BaseConnection->query()
 3 SYSTEMPATH/Model.php(253): CodeIgniter\Database\BaseBuilder->get()
 4 SYSTEMPATH/BaseModel.php(676): CodeIgniter\Model->doFindAll()
 5 APPPATH/Controllers/Livre.php(12): CodeIgniter\BaseModel->findAll()
 6 SYSTEMPATH/CodeIgniter.php(951): App\Controllers\Livre->index()
 7 SYSTEMPATH/CodeIgniter.php(497): CodeIgniter\CodeIgniter->runController()
 8 SYSTEMPATH/CodeIgniter.php(340): CodeIgniter\CodeIgniter->handleRequest()
 9 SYSTEMPATH/Boot.php(417): CodeIgniter\CodeIgniter->run()
10 SYSTEMPATH/Boot.php(68): CodeIgniter\Boot::runCodeIgniter()
11 FCPATH/index.php(59): CodeIgniter\Boot::bootWeb()
ERROR - 2026-04-17 10:49:41 --> Error connecting to the database: mysqli_sql_exception: No such file or directory in /home/itu/L2/S4/Rojo/codeigniter4-framework-b3359be/system/Database/MySQLi/Connection.php:201
Stack trace:
#0 /home/itu/L2/S4/Rojo/codeigniter4-framework-b3359be/system/Database/MySQLi/Connection.php(201): mysqli->real_connect()
#1 /home/itu/L2/S4/Rojo/codeigniter4-framework-b3359be/system/Database/BaseConnection.php(555): CodeIgniter\Database\MySQLi\Connection->connect()
#2 /home/itu/L2/S4/Rojo/codeigniter4-framework-b3359be/system/Database/BaseConnection.php(795): CodeIgniter\Database\BaseConnection->initialize()
#3 /home/itu/L2/S4/Rojo/codeigniter4-framework-b3359be/system/Database/BaseBuilder.php(1649): CodeIgniter\Database\BaseConnection->query()
#4 /home/itu/L2/S4/Rojo/codeigniter4-framework-b3359be/system/Model.php(253): CodeIgniter\Database\BaseBuilder->get()
#5 /home/itu/L2/S4/Rojo/codeigniter4-framework-b3359be/system/BaseModel.php(676): CodeIgniter\Model->doFindAll()
#6 /home/itu/L2/S4/Rojo/codeigniter4-framework-b3359be/app/Controllers/Livre.php(12): CodeIgniter\BaseModel->findAll()
#7 /home/itu/L2/S4/Rojo/codeigniter4-framework-b3359be/system/CodeIgniter.php(951): App\Controllers\Livre->index()
#8 /home/itu/L2/S4/Rojo/codeigniter4-framework-b3359be/system/CodeIgniter.php(497): CodeIgniter\CodeIgniter->runController()
#9 /home/itu/L2/S4/Rojo/codeigniter4-framework-b3359be/system/CodeIgniter.php(340): CodeIgniter\CodeIgniter->handleRequest()
#10 /home/itu/L2/S4/Rojo/codeigniter4-framework-b3359be/system/Boot.php(417): CodeIgniter\CodeIgniter->run()
#11 /home/itu/L2/S4/Rojo/codeigniter4-framework-b3359be/system/Boot.php(68): CodeIgniter\Boot::runCodeIgniter()
#12 /home/itu/L2/S4/Rojo/codeigniter4-framework-b3359be/public/index.php(59): CodeIgniter\Boot::bootWeb()
#13 {main}

Next CodeIgniter\Database\Exceptions\DatabaseException: No such file or directory in /home/itu/L2/S4/Rojo/codeigniter4-framework-b3359be/system/Database/MySQLi/Connection.php:231
Stack trace:
#0 /home/itu/L2/S4/Rojo/codeigniter4-framework-b3359be/system/Database/BaseConnection.php(555): CodeIgniter\Database\MySQLi\Connection->connect()
#1 /home/itu/L2/S4/Rojo/codeigniter4-framework-b3359be/system/Database/BaseConnection.php(795): CodeIgniter\Database\BaseConnection->initialize()
#2 /home/itu/L2/S4/Rojo/codeigniter4-framework-b3359be/system/Database/BaseBuilder.php(1649): CodeIgniter\Database\BaseConnection->query()
#3 /home/itu/L2/S4/Rojo/codeigniter4-framework-b3359be/system/Model.php(253): CodeIgniter\Database\BaseBuilder->get()
#4 /home/itu/L2/S4/Rojo/codeigniter4-framework-b3359be/system/BaseModel.php(676): CodeIgniter\Model->doFindAll()
#5 /home/itu/L2/S4/Rojo/codeigniter4-framework-b3359be/app/Controllers/Livre.php(12): CodeIgniter\BaseModel->findAll()
#6 /home/itu/L2/S4/Rojo/codeigniter4-framework-b3359be/system/CodeIgniter.php(951): App\Controllers\Livre->index()
#7 /home/itu/L2/S4/Rojo/codeigniter4-framework-b3359be/system/CodeIgniter.php(497): CodeIgniter\CodeIgniter->runController()
#8 /home/itu/L2/S4/Rojo/codeigniter4-framework-b3359be/system/CodeIgniter.php(340): CodeIgniter\CodeIgniter->handleRequest()
#9 /home/itu/L2/S4/Rojo/codeigniter4-framework-b3359be/system/Boot.php(417): CodeIgniter\CodeIgniter->run()
#10 /home/itu/L2/S4/Rojo/codeigniter4-framework-b3359be/system/Boot.php(68): CodeIgniter\Boot::runCodeIgniter()
#11 /home/itu/L2/S4/Rojo/codeigniter4-framework-b3359be/public/index.php(59): CodeIgniter\Boot::bootWeb()
#12 {main}
CRITICAL - 2026-04-17 10:49:41 --> CodeIgniter\Database\Exceptions\DatabaseException: Unable to connect to the database.
Main connection [MySQLi]: No such file or directory
[Method: GET, Route: livres]
in SYSTEMPATH/Database/BaseConnection.php on line 606.
 1 SYSTEMPATH/Database/BaseConnection.php(795): CodeIgniter\Database\BaseConnection->initialize()
 2 SYSTEMPATH/Database/BaseBuilder.php(1649): CodeIgniter\Database\BaseConnection->query()
 3 SYSTEMPATH/Model.php(253): CodeIgniter\Database\BaseBuilder->get()
 4 SYSTEMPATH/BaseModel.php(676): CodeIgniter\Model->doFindAll()
 5 APPPATH/Controllers/Livre.php(12): CodeIgniter\BaseModel->findAll()
 6 SYSTEMPATH/CodeIgniter.php(951): App\Controllers\Livre->index()
 7 SYSTEMPATH/CodeIgniter.php(497): CodeIgniter\CodeIgniter->runController()
 8 SYSTEMPATH/CodeIgniter.php(340): CodeIgniter\CodeIgniter->handleRequest()
 9 SYSTEMPATH/Boot.php(417): CodeIgniter\CodeIgniter->run()
10 SYSTEMPATH/Boot.php(68): CodeIgniter\Boot::runCodeIgniter()
11 FCPATH/index.php(59): CodeIgniter\Boot::bootWeb()
ERROR - 2026-04-17 10:49:41 --> Error connecting to the database: mysqli_sql_exception: No such file or directory in /home/itu/L2/S4/Rojo/codeigniter4-framework-b3359be/system/Database/MySQLi/Connection.php:201
Stack trace:
#0 /home/itu/L2/S4/Rojo/codeigniter4-framework-b3359be/system/Database/MySQLi/Connection.php(201): mysqli->real_connect()
#1 /home/itu/L2/S4/Rojo/codeigniter4-framework-b3359be/system/Database/BaseConnection.php(555): CodeIgniter\Database\MySQLi\Connection->connect()
#2 /home/itu/L2/S4/Rojo/codeigniter4-framework-b3359be/system/Database/BaseConnection.php(795): CodeIgniter\Database\BaseConnection->initialize()
#3 /home/itu/L2/S4/Rojo/codeigniter4-framework-b3359be/system/Database/BaseBuilder.php(1649): CodeIgniter\Database\BaseConnection->query()
#4 /home/itu/L2/S4/Rojo/codeigniter4-framework-b3359be/system/Model.php(253): CodeIgniter\Database\BaseBuilder->get()
#5 /home/itu/L2/S4/Rojo/codeigniter4-framework-b3359be/system/BaseModel.php(676): CodeIgniter\Model->doFindAll()
#6 /home/itu/L2/S4/Rojo/codeigniter4-framework-b3359be/app/Controllers/Livre.php(12): CodeIgniter\BaseModel->findAll()
#7 /home/itu/L2/S4/Rojo/codeigniter4-framework-b3359be/system/CodeIgniter.php(951): App\Controllers\Livre->index()
#8 /home/itu/L2/S4/Rojo/codeigniter4-framework-b3359be/system/CodeIgniter.php(497): CodeIgniter\CodeIgniter->runController()
#9 /home/itu/L2/S4/Rojo/codeigniter4-framework-b3359be/system/CodeIgniter.php(340): CodeIgniter\CodeIgniter->handleRequest()
#10 /home/itu/L2/S4/Rojo/codeigniter4-framework-b3359be/system/Boot.php(417): CodeIgniter\CodeIgniter->run()
#11 /home/itu/L2/S4/Rojo/codeigniter4-framework-b3359be/system/Boot.php(68): CodeIgniter\Boot::runCodeIgniter()
#12 /home/itu/L2/S4/Rojo/codeigniter4-framework-b3359be/public/index.php(59): CodeIgniter\Boot::bootWeb()
#13 {main}

Next CodeIgniter\Database\Exceptions\DatabaseException: No such file or directory in /home/itu/L2/S4/Rojo/codeigniter4-framework-b3359be/system/Database/MySQLi/Connection.php:231
Stack trace:
#0 /home/itu/L2/S4/Rojo/codeigniter4-framework-b3359be/system/Database/BaseConnection.php(555): CodeIgniter\Database\MySQLi\Connection->connect()
#1 /home/itu/L2/S4/Rojo/codeigniter4-framework-b3359be/system/Database/BaseConnection.php(795): CodeIgniter\Database\BaseConnection->initialize()
#2 /home/itu/L2/S4/Rojo/codeigniter4-framework-b3359be/system/Database/BaseBuilder.php(1649): CodeIgniter\Database\BaseConnection->query()
#3 /home/itu/L2/S4/Rojo/codeigniter4-framework-b3359be/system/Model.php(253): CodeIgniter\Database\BaseBuilder->get()
#4 /home/itu/L2/S4/Rojo/codeigniter4-framework-b3359be/system/BaseModel.php(676): CodeIgniter\Model->doFindAll()
#5 /home/itu/L2/S4/Rojo/codeigniter4-framework-b3359be/app/Controllers/Livre.php(12): CodeIgniter\BaseModel->findAll()
#6 /home/itu/L2/S4/Rojo/codeigniter4-framework-b3359be/system/CodeIgniter.php(951): App\Controllers\Livre->index()
#7 /home/itu/L2/S4/Rojo/codeigniter4-framework-b3359be/system/CodeIgniter.php(497): CodeIgniter\CodeIgniter->runController()
#8 /home/itu/L2/S4/Rojo/codeigniter4-framework-b3359be/system/CodeIgniter.php(340): CodeIgniter\CodeIgniter->handleRequest()
#9 /home/itu/L2/S4/Rojo/codeigniter4-framework-b3359be/system/Boot.php(417): CodeIgniter\CodeIgniter->run()
#10 /home/itu/L2/S4/Rojo/codeigniter4-framework-b3359be/system/Boot.php(68): CodeIgniter\Boot::runCodeIgniter()
#11 /home/itu/L2/S4/Rojo/codeigniter4-framework-b3359be/public/index.php(59): CodeIgniter\Boot::bootWeb()
#12 {main}
CRITICAL - 2026-04-17 10:49:41 --> CodeIgniter\Database\Exceptions\DatabaseException: Unable to connect to the database.
Main connection [MySQLi]: No such file or directory
[Method: GET, Route: livres]
in SYSTEMPATH/Database/BaseConnection.php on line 606.
 1 SYSTEMPATH/Database/BaseConnection.php(795): CodeIgniter\Database\BaseConnection->initialize()
 2 SYSTEMPATH/Database/BaseBuilder.php(1649): CodeIgniter\Database\BaseConnection->query()
 3 SYSTEMPATH/Model.php(253): CodeIgniter\Database\BaseBuilder->get()
 4 SYSTEMPATH/BaseModel.php(676): CodeIgniter\Model->doFindAll()
 5 APPPATH/Controllers/Livre.php(12): CodeIgniter\BaseModel->findAll()
 6 SYSTEMPATH/CodeIgniter.php(951): App\Controllers\Livre->index()
 7 SYSTEMPATH/CodeIgniter.php(497): CodeIgniter\CodeIgniter->runController()
 8 SYSTEMPATH/CodeIgniter.php(340): CodeIgniter\CodeIgniter->handleRequest()
 9 SYSTEMPATH/Boot.php(417): CodeIgniter\CodeIgniter->run()
10 SYSTEMPATH/Boot.php(68): CodeIgniter\Boot::runCodeIgniter()
11 FCPATH/index.php(59): CodeIgniter\Boot::bootWeb()
ERROR - 2026-04-17 11:00:23 --> Error connecting to the database: Error: Call to undefined function CodeIgniter\Database\Postgre\pg_connect() in /home/itu/L2/S4/Rojo/codeigniter4-framework-b3359be/system/Database/Postgre/Connection.php:78
Stack trace:
#0 /home/itu/L2/S4/Rojo/codeigniter4-framework-b3359be/system/Database/BaseConnection.php(555): CodeIgniter\Database\Postgre\Connection->connect()
#1 /home/itu/L2/S4/Rojo/codeigniter4-framework-b3359be/system/Database/BaseConnection.php(795): CodeIgniter\Database\BaseConnection->initialize()
#2 /home/itu/L2/S4/Rojo/codeigniter4-framework-b3359be/system/Database/BaseBuilder.php(1649): CodeIgniter\Database\BaseConnection->query()
#3 /home/itu/L2/S4/Rojo/codeigniter4-framework-b3359be/system/Model.php(253): CodeIgniter\Database\BaseBuilder->get()
#4 /home/itu/L2/S4/Rojo/codeigniter4-framework-b3359be/system/BaseModel.php(676): CodeIgniter\Model->doFindAll()
#5 /home/itu/L2/S4/Rojo/codeigniter4-framework-b3359be/app/Controllers/Livre.php(12): CodeIgniter\BaseModel->findAll()
#6 /home/itu/L2/S4/Rojo/codeigniter4-framework-b3359be/system/CodeIgniter.php(951): App\Controllers\Livre->index()
#7 /home/itu/L2/S4/Rojo/codeigniter4-framework-b3359be/system/CodeIgniter.php(497): CodeIgniter\CodeIgniter->runController()
#8 /home/itu/L2/S4/Rojo/codeigniter4-framework-b3359be/system/CodeIgniter.php(340): CodeIgniter\CodeIgniter->handleRequest()
#9 /home/itu/L2/S4/Rojo/codeigniter4-framework-b3359be/system/Boot.php(417): CodeIgniter\CodeIgniter->run()
#10 /home/itu/L2/S4/Rojo/codeigniter4-framework-b3359be/system/Boot.php(68): CodeIgniter\Boot::runCodeIgniter()
#11 /home/itu/L2/S4/Rojo/codeigniter4-framework-b3359be/public/index.php(59): CodeIgniter\Boot::bootWeb()
#12 {main}
CRITICAL - 2026-04-17 11:00:23 --> CodeIgniter\Database\Exceptions\DatabaseException: Unable to connect to the database.
Main connection [Postgre]: Call to undefined function CodeIgniter\Database\Postgre\pg_connect()
[Method: GET, Route: livres]
in SYSTEMPATH/Database/BaseConnection.php on line 606.
 1 SYSTEMPATH/Database/BaseConnection.php(795): CodeIgniter\Database\BaseConnection->initialize()
 2 SYSTEMPATH/Database/BaseBuilder.php(1649): CodeIgniter\Database\BaseConnection->query()
 3 SYSTEMPATH/Model.php(253): CodeIgniter\Database\BaseBuilder->get()
 4 SYSTEMPATH/BaseModel.php(676): CodeIgniter\Model->doFindAll()
 5 APPPATH/Controllers/Livre.php(12): CodeIgniter\BaseModel->findAll()
 6 SYSTEMPATH/CodeIgniter.php(951): App\Controllers\Livre->index()
 7 SYSTEMPATH/CodeIgniter.php(497): CodeIgniter\CodeIgniter->runController()
 8 SYSTEMPATH/CodeIgniter.php(340): CodeIgniter\CodeIgniter->handleRequest()
 9 SYSTEMPATH/Boot.php(417): CodeIgniter\CodeIgniter->run()
10 SYSTEMPATH/Boot.php(68): CodeIgniter\Boot::runCodeIgniter()
11 FCPATH/index.php(59): CodeIgniter\Boot::bootWeb()
ERROR - 2026-04-17 11:00:25 --> Error connecting to the database: Error: Call to undefined function CodeIgniter\Database\Postgre\pg_connect() in /home/itu/L2/S4/Rojo/codeigniter4-framework-b3359be/system/Database/Postgre/Connection.php:78
Stack trace:
#0 /home/itu/L2/S4/Rojo/codeigniter4-framework-b3359be/system/Database/BaseConnection.php(555): CodeIgniter\Database\Postgre\Connection->connect()
#1 /home/itu/L2/S4/Rojo/codeigniter4-framework-b3359be/system/Database/BaseConnection.php(795): CodeIgniter\Database\BaseConnection->initialize()
#2 /home/itu/L2/S4/Rojo/codeigniter4-framework-b3359be/system/Database/BaseBuilder.php(1649): CodeIgniter\Database\BaseConnection->query()
#3 /home/itu/L2/S4/Rojo/codeigniter4-framework-b3359be/system/Model.php(253): CodeIgniter\Database\BaseBuilder->get()
#4 /home/itu/L2/S4/Rojo/codeigniter4-framework-b3359be/system/BaseModel.php(676): CodeIgniter\Model->doFindAll()
#5 /home/itu/L2/S4/Rojo/codeigniter4-framework-b3359be/app/Controllers/Livre.php(12): CodeIgniter\BaseModel->findAll()
#6 /home/itu/L2/S4/Rojo/codeigniter4-framework-b3359be/system/CodeIgniter.php(951): App\Controllers\Livre->index()
#7 /home/itu/L2/S4/Rojo/codeigniter4-framework-b3359be/system/CodeIgniter.php(497): CodeIgniter\CodeIgniter->runController()
#8 /home/itu/L2/S4/Rojo/codeigniter4-framework-b3359be/system/CodeIgniter.php(340): CodeIgniter\CodeIgniter->handleRequest()
#9 /home/itu/L2/S4/Rojo/codeigniter4-framework-b3359be/system/Boot.php(417): CodeIgniter\CodeIgniter->run()
#10 /home/itu/L2/S4/Rojo/codeigniter4-framework-b3359be/system/Boot.php(68): CodeIgniter\Boot::runCodeIgniter()
#11 /home/itu/L2/S4/Rojo/codeigniter4-framework-b3359be/public/index.php(59): CodeIgniter\Boot::bootWeb()
#12 {main}
CRITICAL - 2026-04-17 11:00:25 --> CodeIgniter\Database\Exceptions\DatabaseException: Unable to connect to the database.
Main connection [Postgre]: Call to undefined function CodeIgniter\Database\Postgre\pg_connect()
[Method: GET, Route: livres]
in SYSTEMPATH/Database/BaseConnection.php on line 606.
 1 SYSTEMPATH/Database/BaseConnection.php(795): CodeIgniter\Database\BaseConnection->initialize()
 2 SYSTEMPATH/Database/BaseBuilder.php(1649): CodeIgniter\Database\BaseConnection->query()
 3 SYSTEMPATH/Model.php(253): CodeIgniter\Database\BaseBuilder->get()
 4 SYSTEMPATH/BaseModel.php(676): CodeIgniter\Model->doFindAll()
 5 APPPATH/Controllers/Livre.php(12): CodeIgniter\BaseModel->findAll()
 6 SYSTEMPATH/CodeIgniter.php(951): App\Controllers\Livre->index()
 7 SYSTEMPATH/CodeIgniter.php(497): CodeIgniter\CodeIgniter->runController()
 8 SYSTEMPATH/CodeIgniter.php(340): CodeIgniter\CodeIgniter->handleRequest()
 9 SYSTEMPATH/Boot.php(417): CodeIgniter\CodeIgniter->run()
10 SYSTEMPATH/Boot.php(68): CodeIgniter\Boot::runCodeIgniter()
11 FCPATH/index.php(59): CodeIgniter\Boot::bootWeb()
ERROR - 2026-04-17 11:00:25 --> Error connecting to the database: Error: Call to undefined function CodeIgniter\Database\Postgre\pg_connect() in /home/itu/L2/S4/Rojo/codeigniter4-framework-b3359be/system/Database/Postgre/Connection.php:78
Stack trace:
#0 /home/itu/L2/S4/Rojo/codeigniter4-framework-b3359be/system/Database/BaseConnection.php(555): CodeIgniter\Database\Postgre\Connection->connect()
#1 /home/itu/L2/S4/Rojo/codeigniter4-framework-b3359be/system/Database/BaseConnection.php(795): CodeIgniter\Database\BaseConnection->initialize()
#2 /home/itu/L2/S4/Rojo/codeigniter4-framework-b3359be/system/Database/BaseBuilder.php(1649): CodeIgniter\Database\BaseConnection->query()
#3 /home/itu/L2/S4/Rojo/codeigniter4-framework-b3359be/system/Model.php(253): CodeIgniter\Database\BaseBuilder->get()
#4 /home/itu/L2/S4/Rojo/codeigniter4-framework-b3359be/system/BaseModel.php(676): CodeIgniter\Model->doFindAll()
#5 /home/itu/L2/S4/Rojo/codeigniter4-framework-b3359be/app/Controllers/Livre.php(12): CodeIgniter\BaseModel->findAll()
#6 /home/itu/L2/S4/Rojo/codeigniter4-framework-b3359be/system/CodeIgniter.php(951): App\Controllers\Livre->index()
#7 /home/itu/L2/S4/Rojo/codeigniter4-framework-b3359be/system/CodeIgniter.php(497): CodeIgniter\CodeIgniter->runController()
#8 /home/itu/L2/S4/Rojo/codeigniter4-framework-b3359be/system/CodeIgniter.php(340): CodeIgniter\CodeIgniter->handleRequest()
#9 /home/itu/L2/S4/Rojo/codeigniter4-framework-b3359be/system/Boot.php(417): CodeIgniter\CodeIgniter->run()
#10 /home/itu/L2/S4/Rojo/codeigniter4-framework-b3359be/system/Boot.php(68): CodeIgniter\Boot::runCodeIgniter()
#11 /home/itu/L2/S4/Rojo/codeigniter4-framework-b3359be/public/index.php(59): CodeIgniter\Boot::bootWeb()
#12 {main}
CRITICAL - 2026-04-17 11:00:25 --> CodeIgniter\Database\Exceptions\DatabaseException: Unable to connect to the database.
Main connection [Postgre]: Call to undefined function CodeIgniter\Database\Postgre\pg_connect()
[Method: GET, Route: livres]
in SYSTEMPATH/Database/BaseConnection.php on line 606.
 1 SYSTEMPATH/Database/BaseConnection.php(795): CodeIgniter\Database\BaseConnection->initialize()
 2 SYSTEMPATH/Database/BaseBuilder.php(1649): CodeIgniter\Database\BaseConnection->query()
 3 SYSTEMPATH/Model.php(253): CodeIgniter\Database\BaseBuilder->get()
 4 SYSTEMPATH/BaseModel.php(676): CodeIgniter\Model->doFindAll()
 5 APPPATH/Controllers/Livre.php(12): CodeIgniter\BaseModel->findAll()
 6 SYSTEMPATH/CodeIgniter.php(951): App\Controllers\Livre->index()
 7 SYSTEMPATH/CodeIgniter.php(497): CodeIgniter\CodeIgniter->runController()
 8 SYSTEMPATH/CodeIgniter.php(340): CodeIgniter\CodeIgniter->handleRequest()
 9 SYSTEMPATH/Boot.php(417): CodeIgniter\CodeIgniter->run()
10 SYSTEMPATH/Boot.php(68): CodeIgniter\Boot::runCodeIgniter()
11 FCPATH/index.php(59): CodeIgniter\Boot::bootWeb()
ERROR - 2026-04-17 11:00:30 --> Error connecting to the database: Error: Call to undefined function CodeIgniter\Database\Postgre\pg_connect() in /home/itu/L2/S4/Rojo/codeigniter4-framework-b3359be/system/Database/Postgre/Connection.php:78
Stack trace:
#0 /home/itu/L2/S4/Rojo/codeigniter4-framework-b3359be/system/Database/BaseConnection.php(555): CodeIgniter\Database\Postgre\Connection->connect()
#1 /home/itu/L2/S4/Rojo/codeigniter4-framework-b3359be/system/Database/BaseConnection.php(795): CodeIgniter\Database\BaseConnection->initialize()
#2 /home/itu/L2/S4/Rojo/codeigniter4-framework-b3359be/system/Database/BaseBuilder.php(1649): CodeIgniter\Database\BaseConnection->query()
#3 /home/itu/L2/S4/Rojo/codeigniter4-framework-b3359be/system/Model.php(253): CodeIgniter\Database\BaseBuilder->get()
#4 /home/itu/L2/S4/Rojo/codeigniter4-framework-b3359be/system/BaseModel.php(676): CodeIgniter\Model->doFindAll()
#5 /home/itu/L2/S4/Rojo/codeigniter4-framework-b3359be/app/Controllers/Livre.php(12): CodeIgniter\BaseModel->findAll()
#6 /home/itu/L2/S4/Rojo/codeigniter4-framework-b3359be/system/CodeIgniter.php(951): App\Controllers\Livre->index()
#7 /home/itu/L2/S4/Rojo/codeigniter4-framework-b3359be/system/CodeIgniter.php(497): CodeIgniter\CodeIgniter->runController()
#8 /home/itu/L2/S4/Rojo/codeigniter4-framework-b3359be/system/CodeIgniter.php(340): CodeIgniter\CodeIgniter->handleRequest()
#9 /home/itu/L2/S4/Rojo/codeigniter4-framework-b3359be/system/Boot.php(417): CodeIgniter\CodeIgniter->run()
#10 /home/itu/L2/S4/Rojo/codeigniter4-framework-b3359be/system/Boot.php(68): CodeIgniter\Boot::runCodeIgniter()
#11 /home/itu/L2/S4/Rojo/codeigniter4-framework-b3359be/public/index.php(59): CodeIgniter\Boot::bootWeb()
#12 {main}
CRITICAL - 2026-04-17 11:00:30 --> CodeIgniter\Database\Exceptions\DatabaseException: Unable to connect to the database.
Main connection [Postgre]: Call to undefined function CodeIgniter\Database\Postgre\pg_connect()
[Method: GET, Route: livres]
in SYSTEMPATH/Database/BaseConnection.php on line 606.
 1 SYSTEMPATH/Database/BaseConnection.php(795): CodeIgniter\Database\BaseConnection->initialize()
 2 SYSTEMPATH/Database/BaseBuilder.php(1649): CodeIgniter\Database\BaseConnection->query()
 3 SYSTEMPATH/Model.php(253): CodeIgniter\Database\BaseBuilder->get()
 4 SYSTEMPATH/BaseModel.php(676): CodeIgniter\Model->doFindAll()
 5 APPPATH/Controllers/Livre.php(12): CodeIgniter\BaseModel->findAll()
 6 SYSTEMPATH/CodeIgniter.php(951): App\Controllers\Livre->index()
 7 SYSTEMPATH/CodeIgniter.php(497): CodeIgniter\CodeIgniter->runController()
 8 SYSTEMPATH/CodeIgniter.php(340): CodeIgniter\CodeIgniter->handleRequest()
 9 SYSTEMPATH/Boot.php(417): CodeIgniter\CodeIgniter->run()
10 SYSTEMPATH/Boot.php(68): CodeIgniter\Boot::runCodeIgniter()
11 FCPATH/index.php(59): CodeIgniter\Boot::bootWeb()
ERROR - 2026-04-17 11:03:46 --> Error connecting to the database: Error: Call to undefined function CodeIgniter\Database\Postgre\pg_connect() in /home/itu/L2/S4/Rojo/codeigniter4-framework-b3359be/system/Database/Postgre/Connection.php:78
Stack trace:
#0 /home/itu/L2/S4/Rojo/codeigniter4-framework-b3359be/system/Database/BaseConnection.php(555): CodeIgniter\Database\Postgre\Connection->connect()
#1 /home/itu/L2/S4/Rojo/codeigniter4-framework-b3359be/system/Database/BaseConnection.php(795): CodeIgniter\Database\BaseConnection->initialize()
#2 /home/itu/L2/S4/Rojo/codeigniter4-framework-b3359be/system/Database/BaseBuilder.php(1649): CodeIgniter\Database\BaseConnection->query()
#3 /home/itu/L2/S4/Rojo/codeigniter4-framework-b3359be/system/Model.php(253): CodeIgniter\Database\BaseBuilder->get()
#4 /home/itu/L2/S4/Rojo/codeigniter4-framework-b3359be/system/BaseModel.php(676): CodeIgniter\Model->doFindAll()
#5 /home/itu/L2/S4/Rojo/codeigniter4-framework-b3359be/app/Controllers/Livre.php(12): CodeIgniter\BaseModel->findAll()
#6 /home/itu/L2/S4/Rojo/codeigniter4-framework-b3359be/system/CodeIgniter.php(951): App\Controllers\Livre->index()
#7 /home/itu/L2/S4/Rojo/codeigniter4-framework-b3359be/system/CodeIgniter.php(497): CodeIgniter\CodeIgniter->runController()
#8 /home/itu/L2/S4/Rojo/codeigniter4-framework-b3359be/system/CodeIgniter.php(340): CodeIgniter\CodeIgniter->handleRequest()
#9 /home/itu/L2/S4/Rojo/codeigniter4-framework-b3359be/system/Boot.php(417): CodeIgniter\CodeIgniter->run()
#10 /home/itu/L2/S4/Rojo/codeigniter4-framework-b3359be/system/Boot.php(68): CodeIgniter\Boot::runCodeIgniter()
#11 /home/itu/L2/S4/Rojo/codeigniter4-framework-b3359be/public/index.php(59): CodeIgniter\Boot::bootWeb()
#12 {main}
CRITICAL - 2026-04-17 11:03:46 --> CodeIgniter\Database\Exceptions\DatabaseException: Unable to connect to the database.
Main connection [Postgre]: Call to undefined function CodeIgniter\Database\Postgre\pg_connect()
[Method: GET, Route: livres]
in SYSTEMPATH/Database/BaseConnection.php on line 606.
 1 SYSTEMPATH/Database/BaseConnection.php(795): CodeIgniter\Database\BaseConnection->initialize()
 2 SYSTEMPATH/Database/BaseBuilder.php(1649): CodeIgniter\Database\BaseConnection->query()
 3 SYSTEMPATH/Model.php(253): CodeIgniter\Database\BaseBuilder->get()
 4 SYSTEMPATH/BaseModel.php(676): CodeIgniter\Model->doFindAll()
 5 APPPATH/Controllers/Livre.php(12): CodeIgniter\BaseModel->findAll()
 6 SYSTEMPATH/CodeIgniter.php(951): App\Controllers\Livre->index()
 7 SYSTEMPATH/CodeIgniter.php(497): CodeIgniter\CodeIgniter->runController()
 8 SYSTEMPATH/CodeIgniter.php(340): CodeIgniter\CodeIgniter->handleRequest()
 9 SYSTEMPATH/Boot.php(417): CodeIgniter\CodeIgniter->run()
10 SYSTEMPATH/Boot.php(68): CodeIgniter\Boot::runCodeIgniter()
11 FCPATH/index.php(59): CodeIgniter\Boot::bootWeb()
ERROR - 2026-04-17 11:07:57 --> Error connecting to the database: Error: Call to undefined function CodeIgniter\Database\Postgre\pg_connect() in /home/itu/L2/S4/Rojo/codeigniter4-framework-b3359be/system/Database/Postgre/Connection.php:78
Stack trace:
#0 /home/itu/L2/S4/Rojo/codeigniter4-framework-b3359be/system/Database/BaseConnection.php(555): CodeIgniter\Database\Postgre\Connection->connect()
#1 /home/itu/L2/S4/Rojo/codeigniter4-framework-b3359be/system/Database/BaseConnection.php(795): CodeIgniter\Database\BaseConnection->initialize()
#2 /home/itu/L2/S4/Rojo/codeigniter4-framework-b3359be/app/Controllers/Livre.php(13): CodeIgniter\Database\BaseConnection->query()
#3 /home/itu/L2/S4/Rojo/codeigniter4-framework-b3359be/system/CodeIgniter.php(951): App\Controllers\Livre->index()
#4 /home/itu/L2/S4/Rojo/codeigniter4-framework-b3359be/system/CodeIgniter.php(497): CodeIgniter\CodeIgniter->runController()
#5 /home/itu/L2/S4/Rojo/codeigniter4-framework-b3359be/system/CodeIgniter.php(340): CodeIgniter\CodeIgniter->handleRequest()
#6 /home/itu/L2/S4/Rojo/codeigniter4-framework-b3359be/system/Boot.php(417): CodeIgniter\CodeIgniter->run()
#7 /home/itu/L2/S4/Rojo/codeigniter4-framework-b3359be/system/Boot.php(68): CodeIgniter\Boot::runCodeIgniter()
#8 /home/itu/L2/S4/Rojo/codeigniter4-framework-b3359be/public/index.php(59): CodeIgniter\Boot::bootWeb()
#9 {main}
CRITICAL - 2026-04-17 11:07:57 --> CodeIgniter\Database\Exceptions\DatabaseException: Unable to connect to the database.
Main connection [Postgre]: Call to undefined function CodeIgniter\Database\Postgre\pg_connect()
[Method: GET, Route: livres]
in SYSTEMPATH/Database/BaseConnection.php on line 606.
 1 SYSTEMPATH/Database/BaseConnection.php(795): CodeIgniter\Database\BaseConnection->initialize()
 2 APPPATH/Controllers/Livre.php(13): CodeIgniter\Database\BaseConnection->query()
 3 SYSTEMPATH/CodeIgniter.php(951): App\Controllers\Livre->index()
 4 SYSTEMPATH/CodeIgniter.php(497): CodeIgniter\CodeIgniter->runController()
 5 SYSTEMPATH/CodeIgniter.php(340): CodeIgniter\CodeIgniter->handleRequest()
 6 SYSTEMPATH/Boot.php(417): CodeIgniter\CodeIgniter->run()
 7 SYSTEMPATH/Boot.php(68): CodeIgniter\Boot::runCodeIgniter()
 8 FCPATH/index.php(59): CodeIgniter\Boot::bootWeb()
ERROR - 2026-04-17 11:08:05 --> Error connecting to the database: Error: Call to undefined function CodeIgniter\Database\Postgre\pg_connect() in /home/itu/L2/S4/Rojo/codeigniter4-framework-b3359be/system/Database/Postgre/Connection.php:78
Stack trace:
#0 /home/itu/L2/S4/Rojo/codeigniter4-framework-b3359be/system/Database/BaseConnection.php(555): CodeIgniter\Database\Postgre\Connection->connect()
#1 /home/itu/L2/S4/Rojo/codeigniter4-framework-b3359be/system/Database/BaseConnection.php(795): CodeIgniter\Database\BaseConnection->initialize()
#2 /home/itu/L2/S4/Rojo/codeigniter4-framework-b3359be/app/Controllers/Livre.php(13): CodeIgniter\Database\BaseConnection->query()
#3 /home/itu/L2/S4/Rojo/codeigniter4-framework-b3359be/system/CodeIgniter.php(951): App\Controllers\Livre->index()
#4 /home/itu/L2/S4/Rojo/codeigniter4-framework-b3359be/system/CodeIgniter.php(497): CodeIgniter\CodeIgniter->runController()
#5 /home/itu/L2/S4/Rojo/codeigniter4-framework-b3359be/system/CodeIgniter.php(340): CodeIgniter\CodeIgniter->handleRequest()
#6 /home/itu/L2/S4/Rojo/codeigniter4-framework-b3359be/system/Boot.php(417): CodeIgniter\CodeIgniter->run()
#7 /home/itu/L2/S4/Rojo/codeigniter4-framework-b3359be/system/Boot.php(68): CodeIgniter\Boot::runCodeIgniter()
#8 /home/itu/L2/S4/Rojo/codeigniter4-framework-b3359be/public/index.php(59): CodeIgniter\Boot::bootWeb()
#9 {main}
CRITICAL - 2026-04-17 11:08:05 --> CodeIgniter\Database\Exceptions\DatabaseException: Unable to connect to the database.
Main connection [Postgre]: Call to undefined function CodeIgniter\Database\Postgre\pg_connect()
[Method: GET, Route: livres]
in SYSTEMPATH/Database/BaseConnection.php on line 606.
 1 SYSTEMPATH/Database/BaseConnection.php(795): CodeIgniter\Database\BaseConnection->initialize()
 2 APPPATH/Controllers/Livre.php(13): CodeIgniter\Database\BaseConnection->query()
 3 SYSTEMPATH/CodeIgniter.php(951): App\Controllers\Livre->index()
 4 SYSTEMPATH/CodeIgniter.php(497): CodeIgniter\CodeIgniter->runController()
 5 SYSTEMPATH/CodeIgniter.php(340): CodeIgniter\CodeIgniter->handleRequest()
 6 SYSTEMPATH/Boot.php(417): CodeIgniter\CodeIgniter->run()
 7 SYSTEMPATH/Boot.php(68): CodeIgniter\Boot::runCodeIgniter()
 8 FCPATH/index.php(59): CodeIgniter\Boot::bootWeb()
ERROR - 2026-04-17 11:11:19 --> Error connecting to the database: Error: Call to undefined function CodeIgniter\Database\Postgre\pg_connect() in /home/itu/L2/S4/Rojo/codeigniter4-framework-b3359be/system/Database/Postgre/Connection.php:78
Stack trace:
#0 /home/itu/L2/S4/Rojo/codeigniter4-framework-b3359be/system/Database/BaseConnection.php(555): CodeIgniter\Database\Postgre\Connection->connect()
#1 /home/itu/L2/S4/Rojo/codeigniter4-framework-b3359be/system/Database/BaseConnection.php(795): CodeIgniter\Database\BaseConnection->initialize()
#2 /home/itu/L2/S4/Rojo/codeigniter4-framework-b3359be/app/Controllers/Livre.php(13): CodeIgniter\Database\BaseConnection->query()
#3 /home/itu/L2/S4/Rojo/codeigniter4-framework-b3359be/system/CodeIgniter.php(951): App\Controllers\Livre->index()
#4 /home/itu/L2/S4/Rojo/codeigniter4-framework-b3359be/system/CodeIgniter.php(497): CodeIgniter\CodeIgniter->runController()
#5 /home/itu/L2/S4/Rojo/codeigniter4-framework-b3359be/system/CodeIgniter.php(340): CodeIgniter\CodeIgniter->handleRequest()
#6 /home/itu/L2/S4/Rojo/codeigniter4-framework-b3359be/system/Boot.php(417): CodeIgniter\CodeIgniter->run()
#7 /home/itu/L2/S4/Rojo/codeigniter4-framework-b3359be/system/Boot.php(68): CodeIgniter\Boot::runCodeIgniter()
#8 /home/itu/L2/S4/Rojo/codeigniter4-framework-b3359be/public/index.php(59): CodeIgniter\Boot::bootWeb()
#9 {main}
CRITICAL - 2026-04-17 11:11:19 --> CodeIgniter\Database\Exceptions\DatabaseException: Unable to connect to the database.
Main connection [Postgre]: Call to undefined function CodeIgniter\Database\Postgre\pg_connect()
[Method: GET, Route: livres]
in SYSTEMPATH/Database/BaseConnection.php on line 606.
 1 SYSTEMPATH/Database/BaseConnection.php(795): CodeIgniter\Database\BaseConnection->initialize()
 2 APPPATH/Controllers/Livre.php(13): CodeIgniter\Database\BaseConnection->query()
 3 SYSTEMPATH/CodeIgniter.php(951): App\Controllers\Livre->index()
 4 SYSTEMPATH/CodeIgniter.php(497): CodeIgniter\CodeIgniter->runController()
 5 SYSTEMPATH/CodeIgniter.php(340): CodeIgniter\CodeIgniter->handleRequest()
 6 SYSTEMPATH/Boot.php(417): CodeIgniter\CodeIgniter->run()
 7 SYSTEMPATH/Boot.php(68): CodeIgniter\Boot::runCodeIgniter()
 8 FCPATH/index.php(59): CodeIgniter\Boot::bootWeb()
ERROR - 2026-04-17 11:14:52 --> Error connecting to the database: Error: Call to undefined function CodeIgniter\Database\Postgre\pg_connect() in /home/itu/L2/S4/Rojo/codeigniter4-framework-b3359be/system/Database/Postgre/Connection.php:78
Stack trace:
#0 /home/itu/L2/S4/Rojo/codeigniter4-framework-b3359be/system/Database/BaseConnection.php(555): CodeIgniter\Database\Postgre\Connection->connect()
#1 /home/itu/L2/S4/Rojo/codeigniter4-framework-b3359be/system/Database/BaseConnection.php(795): CodeIgniter\Database\BaseConnection->initialize()
#2 /home/itu/L2/S4/Rojo/codeigniter4-framework-b3359be/app/Controllers/Livre.php(13): CodeIgniter\Database\BaseConnection->query()
#3 /home/itu/L2/S4/Rojo/codeigniter4-framework-b3359be/system/CodeIgniter.php(951): App\Controllers\Livre->index()
#4 /home/itu/L2/S4/Rojo/codeigniter4-framework-b3359be/system/CodeIgniter.php(497): CodeIgniter\CodeIgniter->runController()
#5 /home/itu/L2/S4/Rojo/codeigniter4-framework-b3359be/system/CodeIgniter.php(340): CodeIgniter\CodeIgniter->handleRequest()
#6 /home/itu/L2/S4/Rojo/codeigniter4-framework-b3359be/system/Boot.php(417): CodeIgniter\CodeIgniter->run()
#7 /home/itu/L2/S4/Rojo/codeigniter4-framework-b3359be/system/Boot.php(68): CodeIgniter\Boot::runCodeIgniter()
#8 /home/itu/L2/S4/Rojo/codeigniter4-framework-b3359be/public/index.php(59): CodeIgniter\Boot::bootWeb()
#9 {main}
CRITICAL - 2026-04-17 11:14:52 --> CodeIgniter\Database\Exceptions\DatabaseException: Unable to connect to the database.
Main connection [Postgre]: Call to undefined function CodeIgniter\Database\Postgre\pg_connect()
[Method: GET, Route: livres]
in SYSTEMPATH/Database/BaseConnection.php on line 606.
 1 SYSTEMPATH/Database/BaseConnection.php(795): CodeIgniter\Database\BaseConnection->initialize()
 2 APPPATH/Controllers/Livre.php(13): CodeIgniter\Database\BaseConnection->query()
 3 SYSTEMPATH/CodeIgniter.php(951): App\Controllers\Livre->index()
 4 SYSTEMPATH/CodeIgniter.php(497): CodeIgniter\CodeIgniter->runController()
 5 SYSTEMPATH/CodeIgniter.php(340): CodeIgniter\CodeIgniter->handleRequest()
 6 SYSTEMPATH/Boot.php(417): CodeIgniter\CodeIgniter->run()
 7 SYSTEMPATH/Boot.php(68): CodeIgniter\Boot::runCodeIgniter()
 8 FCPATH/index.php(59): CodeIgniter\Boot::bootWeb()
ERROR - 2026-04-17 11:14:52 --> Error connecting to the database: Error: Call to undefined function CodeIgniter\Database\Postgre\pg_connect() in /home/itu/L2/S4/Rojo/codeigniter4-framework-b3359be/system/Database/Postgre/Connection.php:78
Stack trace:
#0 /home/itu/L2/S4/Rojo/codeigniter4-framework-b3359be/system/Database/BaseConnection.php(555): CodeIgniter\Database\Postgre\Connection->connect()
#1 /home/itu/L2/S4/Rojo/codeigniter4-framework-b3359be/system/Database/BaseConnection.php(795): CodeIgniter\Database\BaseConnection->initialize()
#2 /home/itu/L2/S4/Rojo/codeigniter4-framework-b3359be/app/Controllers/Livre.php(13): CodeIgniter\Database\BaseConnection->query()
#3 /home/itu/L2/S4/Rojo/codeigniter4-framework-b3359be/system/CodeIgniter.php(951): App\Controllers\Livre->index()
#4 /home/itu/L2/S4/Rojo/codeigniter4-framework-b3359be/system/CodeIgniter.php(497): CodeIgniter\CodeIgniter->runController()
#5 /home/itu/L2/S4/Rojo/codeigniter4-framework-b3359be/system/CodeIgniter.php(340): CodeIgniter\CodeIgniter->handleRequest()
#6 /home/itu/L2/S4/Rojo/codeigniter4-framework-b3359be/system/Boot.php(417): CodeIgniter\CodeIgniter->run()
#7 /home/itu/L2/S4/Rojo/codeigniter4-framework-b3359be/system/Boot.php(68): CodeIgniter\Boot::runCodeIgniter()
#8 /home/itu/L2/S4/Rojo/codeigniter4-framework-b3359be/public/index.php(59): CodeIgniter\Boot::bootWeb()
#9 {main}
CRITICAL - 2026-04-17 11:14:52 --> CodeIgniter\Database\Exceptions\DatabaseException: Unable to connect to the database.
Main connection [Postgre]: Call to undefined function CodeIgniter\Database\Postgre\pg_connect()
[Method: GET, Route: livres]
in SYSTEMPATH/Database/BaseConnection.php on line 606.
 1 SYSTEMPATH/Database/BaseConnection.php(795): CodeIgniter\Database\BaseConnection->initialize()
 2 APPPATH/Controllers/Livre.php(13): CodeIgniter\Database\BaseConnection->query()
 3 SYSTEMPATH/CodeIgniter.php(951): App\Controllers\Livre->index()
 4 SYSTEMPATH/CodeIgniter.php(497): CodeIgniter\CodeIgniter->runController()
 5 SYSTEMPATH/CodeIgniter.php(340): CodeIgniter\CodeIgniter->handleRequest()
 6 SYSTEMPATH/Boot.php(417): CodeIgniter\CodeIgniter->run()
 7 SYSTEMPATH/Boot.php(68): CodeIgniter\Boot::runCodeIgniter()
 8 FCPATH/index.php(59): CodeIgniter\Boot::bootWeb()
ERROR - 2026-04-17 11:14:52 --> Error connecting to the database: Error: Call to undefined function CodeIgniter\Database\Postgre\pg_connect() in /home/itu/L2/S4/Rojo/codeigniter4-framework-b3359be/system/Database/Postgre/Connection.php:78
Stack trace:
#0 /home/itu/L2/S4/Rojo/codeigniter4-framework-b3359be/system/Database/BaseConnection.php(555): CodeIgniter\Database\Postgre\Connection->connect()
#1 /home/itu/L2/S4/Rojo/codeigniter4-framework-b3359be/system/Database/BaseConnection.php(795): CodeIgniter\Database\BaseConnection->initialize()
#2 /home/itu/L2/S4/Rojo/codeigniter4-framework-b3359be/app/Controllers/Livre.php(13): CodeIgniter\Database\BaseConnection->query()
#3 /home/itu/L2/S4/Rojo/codeigniter4-framework-b3359be/system/CodeIgniter.php(951): App\Controllers\Livre->index()
#4 /home/itu/L2/S4/Rojo/codeigniter4-framework-b3359be/system/CodeIgniter.php(497): CodeIgniter\CodeIgniter->runController()
#5 /home/itu/L2/S4/Rojo/codeigniter4-framework-b3359be/system/CodeIgniter.php(340): CodeIgniter\CodeIgniter->handleRequest()
#6 /home/itu/L2/S4/Rojo/codeigniter4-framework-b3359be/system/Boot.php(417): CodeIgniter\CodeIgniter->run()
#7 /home/itu/L2/S4/Rojo/codeigniter4-framework-b3359be/system/Boot.php(68): CodeIgniter\Boot::runCodeIgniter()
#8 /home/itu/L2/S4/Rojo/codeigniter4-framework-b3359be/public/index.php(59): CodeIgniter\Boot::bootWeb()
#9 {main}
CRITICAL - 2026-04-17 11:14:52 --> CodeIgniter\Database\Exceptions\DatabaseException: Unable to connect to the database.
Main connection [Postgre]: Call to undefined function CodeIgniter\Database\Postgre\pg_connect()
[Method: GET, Route: livres]
in SYSTEMPATH/Database/BaseConnection.php on line 606.
 1 SYSTEMPATH/Database/BaseConnection.php(795): CodeIgniter\Database\BaseConnection->initialize()
 2 APPPATH/Controllers/Livre.php(13): CodeIgniter\Database\BaseConnection->query()
 3 SYSTEMPATH/CodeIgniter.php(951): App\Controllers\Livre->index()
 4 SYSTEMPATH/CodeIgniter.php(497): CodeIgniter\CodeIgniter->runController()
 5 SYSTEMPATH/CodeIgniter.php(340): CodeIgniter\CodeIgniter->handleRequest()
 6 SYSTEMPATH/Boot.php(417): CodeIgniter\CodeIgniter->run()
 7 SYSTEMPATH/Boot.php(68): CodeIgniter\Boot::runCodeIgniter()
 8 FCPATH/index.php(59): CodeIgniter\Boot::bootWeb()
ERROR - 2026-04-17 11:14:52 --> Error connecting to the database: Error: Call to undefined function CodeIgniter\Database\Postgre\pg_connect() in /home/itu/L2/S4/Rojo/codeigniter4-framework-b3359be/system/Database/Postgre/Connection.php:78
Stack trace:
#0 /home/itu/L2/S4/Rojo/codeigniter4-framework-b3359be/system/Database/BaseConnection.php(555): CodeIgniter\Database\Postgre\Connection->connect()
#1 /home/itu/L2/S4/Rojo/codeigniter4-framework-b3359be/system/Database/BaseConnection.php(795): CodeIgniter\Database\BaseConnection->initialize()
#2 /home/itu/L2/S4/Rojo/codeigniter4-framework-b3359be/app/Controllers/Livre.php(13): CodeIgniter\Database\BaseConnection->query()
#3 /home/itu/L2/S4/Rojo/codeigniter4-framework-b3359be/system/CodeIgniter.php(951): App\Controllers\Livre->index()
#4 /home/itu/L2/S4/Rojo/codeigniter4-framework-b3359be/system/CodeIgniter.php(497): CodeIgniter\CodeIgniter->runController()
#5 /home/itu/L2/S4/Rojo/codeigniter4-framework-b3359be/system/CodeIgniter.php(340): CodeIgniter\CodeIgniter->handleRequest()
#6 /home/itu/L2/S4/Rojo/codeigniter4-framework-b3359be/system/Boot.php(417): CodeIgniter\CodeIgniter->run()
#7 /home/itu/L2/S4/Rojo/codeigniter4-framework-b3359be/system/Boot.php(68): CodeIgniter\Boot::runCodeIgniter()
#8 /home/itu/L2/S4/Rojo/codeigniter4-framework-b3359be/public/index.php(59): CodeIgniter\Boot::bootWeb()
#9 {main}
CRITICAL - 2026-04-17 11:14:52 --> CodeIgniter\Database\Exceptions\DatabaseException: Unable to connect to the database.
Main connection [Postgre]: Call to undefined function CodeIgniter\Database\Postgre\pg_connect()
[Method: GET, Route: livres]
in SYSTEMPATH/Database/BaseConnection.php on line 606.
 1 SYSTEMPATH/Database/BaseConnection.php(795): CodeIgniter\Database\BaseConnection->initialize()
 2 APPPATH/Controllers/Livre.php(13): CodeIgniter\Database\BaseConnection->query()
 3 SYSTEMPATH/CodeIgniter.php(951): App\Controllers\Livre->index()
 4 SYSTEMPATH/CodeIgniter.php(497): CodeIgniter\CodeIgniter->runController()
 5 SYSTEMPATH/CodeIgniter.php(340): CodeIgniter\CodeIgniter->handleRequest()
 6 SYSTEMPATH/Boot.php(417): CodeIgniter\CodeIgniter->run()
 7 SYSTEMPATH/Boot.php(68): CodeIgniter\Boot::runCodeIgniter()
 8 FCPATH/index.php(59): CodeIgniter\Boot::bootWeb()
ERROR - 2026-04-17 11:14:53 --> Error connecting to the database: Error: Call to undefined function CodeIgniter\Database\Postgre\pg_connect() in /home/itu/L2/S4/Rojo/codeigniter4-framework-b3359be/system/Database/Postgre/Connection.php:78
Stack trace:
#0 /home/itu/L2/S4/Rojo/codeigniter4-framework-b3359be/system/Database/BaseConnection.php(555): CodeIgniter\Database\Postgre\Connection->connect()
#1 /home/itu/L2/S4/Rojo/codeigniter4-framework-b3359be/system/Database/BaseConnection.php(795): CodeIgniter\Database\BaseConnection->initialize()
#2 /home/itu/L2/S4/Rojo/codeigniter4-framework-b3359be/app/Controllers/Livre.php(13): CodeIgniter\Database\BaseConnection->query()
#3 /home/itu/L2/S4/Rojo/codeigniter4-framework-b3359be/system/CodeIgniter.php(951): App\Controllers\Livre->index()
#4 /home/itu/L2/S4/Rojo/codeigniter4-framework-b3359be/system/CodeIgniter.php(497): CodeIgniter\CodeIgniter->runController()
#5 /home/itu/L2/S4/Rojo/codeigniter4-framework-b3359be/system/CodeIgniter.php(340): CodeIgniter\CodeIgniter->handleRequest()
#6 /home/itu/L2/S4/Rojo/codeigniter4-framework-b3359be/system/Boot.php(417): CodeIgniter\CodeIgniter->run()
#7 /home/itu/L2/S4/Rojo/codeigniter4-framework-b3359be/system/Boot.php(68): CodeIgniter\Boot::runCodeIgniter()
#8 /home/itu/L2/S4/Rojo/codeigniter4-framework-b3359be/public/index.php(59): CodeIgniter\Boot::bootWeb()
#9 {main}
CRITICAL - 2026-04-17 11:14:53 --> CodeIgniter\Database\Exceptions\DatabaseException: Unable to connect to the database.
Main connection [Postgre]: Call to undefined function CodeIgniter\Database\Postgre\pg_connect()
[Method: GET, Route: livres]
in SYSTEMPATH/Database/BaseConnection.php on line 606.
 1 SYSTEMPATH/Database/BaseConnection.php(795): CodeIgniter\Database\BaseConnection->initialize()
 2 APPPATH/Controllers/Livre.php(13): CodeIgniter\Database\BaseConnection->query()
 3 SYSTEMPATH/CodeIgniter.php(951): App\Controllers\Livre->index()
 4 SYSTEMPATH/CodeIgniter.php(497): CodeIgniter\CodeIgniter->runController()
 5 SYSTEMPATH/CodeIgniter.php(340): CodeIgniter\CodeIgniter->handleRequest()
 6 SYSTEMPATH/Boot.php(417): CodeIgniter\CodeIgniter->run()
 7 SYSTEMPATH/Boot.php(68): CodeIgniter\Boot::runCodeIgniter()
 8 FCPATH/index.php(59): CodeIgniter\Boot::bootWeb()
ERROR - 2026-04-17 11:15:08 --> Error connecting to the database: Error: Call to undefined function CodeIgniter\Database\Postgre\pg_connect() in /home/itu/L2/S4/Rojo/codeigniter4-framework-b3359be/system/Database/Postgre/Connection.php:78
Stack trace:
#0 /home/itu/L2/S4/Rojo/codeigniter4-framework-b3359be/system/Database/BaseConnection.php(555): CodeIgniter\Database\Postgre\Connection->connect()
#1 /home/itu/L2/S4/Rojo/codeigniter4-framework-b3359be/system/Database/BaseConnection.php(795): CodeIgniter\Database\BaseConnection->initialize()
#2 /home/itu/L2/S4/Rojo/codeigniter4-framework-b3359be/app/Controllers/Livre.php(13): CodeIgniter\Database\BaseConnection->query()
#3 /home/itu/L2/S4/Rojo/codeigniter4-framework-b3359be/system/CodeIgniter.php(951): App\Controllers\Livre->index()
#4 /home/itu/L2/S4/Rojo/codeigniter4-framework-b3359be/system/CodeIgniter.php(497): CodeIgniter\CodeIgniter->runController()
#5 /home/itu/L2/S4/Rojo/codeigniter4-framework-b3359be/system/CodeIgniter.php(340): CodeIgniter\CodeIgniter->handleRequest()
#6 /home/itu/L2/S4/Rojo/codeigniter4-framework-b3359be/system/Boot.php(417): CodeIgniter\CodeIgniter->run()
#7 /home/itu/L2/S4/Rojo/codeigniter4-framework-b3359be/system/Boot.php(68): CodeIgniter\Boot::runCodeIgniter()
#8 /home/itu/L2/S4/Rojo/codeigniter4-framework-b3359be/public/index.php(59): CodeIgniter\Boot::bootWeb()
#9 {main}
CRITICAL - 2026-04-17 11:15:08 --> CodeIgniter\Database\Exceptions\DatabaseException: Unable to connect to the database.
Main connection [Postgre]: Call to undefined function CodeIgniter\Database\Postgre\pg_connect()
[Method: GET, Route: livres]
in SYSTEMPATH/Database/BaseConnection.php on line 606.
 1 SYSTEMPATH/Database/BaseConnection.php(795): CodeIgniter\Database\BaseConnection->initialize()
 2 APPPATH/Controllers/Livre.php(13): CodeIgniter\Database\BaseConnection->query()
 3 SYSTEMPATH/CodeIgniter.php(951): App\Controllers\Livre->index()
 4 SYSTEMPATH/CodeIgniter.php(497): CodeIgniter\CodeIgniter->runController()
 5 SYSTEMPATH/CodeIgniter.php(340): CodeIgniter\CodeIgniter->handleRequest()
 6 SYSTEMPATH/Boot.php(417): CodeIgniter\CodeIgniter->run()
 7 SYSTEMPATH/Boot.php(68): CodeIgniter\Boot::runCodeIgniter()
 8 FCPATH/index.php(59): CodeIgniter\Boot::bootWeb()
ERROR - 2026-04-17 11:15:08 --> Error connecting to the database: Error: Call to undefined function CodeIgniter\Database\Postgre\pg_connect() in /home/itu/L2/S4/Rojo/codeigniter4-framework-b3359be/system/Database/Postgre/Connection.php:78
Stack trace:
#0 /home/itu/L2/S4/Rojo/codeigniter4-framework-b3359be/system/Database/BaseConnection.php(555): CodeIgniter\Database\Postgre\Connection->connect()
#1 /home/itu/L2/S4/Rojo/codeigniter4-framework-b3359be/system/Database/BaseConnection.php(795): CodeIgniter\Database\BaseConnection->initialize()
#2 /home/itu/L2/S4/Rojo/codeigniter4-framework-b3359be/app/Controllers/Livre.php(13): CodeIgniter\Database\BaseConnection->query()
#3 /home/itu/L2/S4/Rojo/codeigniter4-framework-b3359be/system/CodeIgniter.php(951): App\Controllers\Livre->index()
#4 /home/itu/L2/S4/Rojo/codeigniter4-framework-b3359be/system/CodeIgniter.php(497): CodeIgniter\CodeIgniter->runController()
#5 /home/itu/L2/S4/Rojo/codeigniter4-framework-b3359be/system/CodeIgniter.php(340): CodeIgniter\CodeIgniter->handleRequest()
#6 /home/itu/L2/S4/Rojo/codeigniter4-framework-b3359be/system/Boot.php(417): CodeIgniter\CodeIgniter->run()
#7 /home/itu/L2/S4/Rojo/codeigniter4-framework-b3359be/system/Boot.php(68): CodeIgniter\Boot::runCodeIgniter()
#8 /home/itu/L2/S4/Rojo/codeigniter4-framework-b3359be/public/index.php(59): CodeIgniter\Boot::bootWeb()
#9 {main}
CRITICAL - 2026-04-17 11:15:08 --> CodeIgniter\Database\Exceptions\DatabaseException: Unable to connect to the database.
Main connection [Postgre]: Call to undefined function CodeIgniter\Database\Postgre\pg_connect()
[Method: GET, Route: livres]
in SYSTEMPATH/Database/BaseConnection.php on line 606.
 1 SYSTEMPATH/Database/BaseConnection.php(795): CodeIgniter\Database\BaseConnection->initialize()
 2 APPPATH/Controllers/Livre.php(13): CodeIgniter\Database\BaseConnection->query()
 3 SYSTEMPATH/CodeIgniter.php(951): App\Controllers\Livre->index()
 4 SYSTEMPATH/CodeIgniter.php(497): CodeIgniter\CodeIgniter->runController()
 5 SYSTEMPATH/CodeIgniter.php(340): CodeIgniter\CodeIgniter->handleRequest()
 6 SYSTEMPATH/Boot.php(417): CodeIgniter\CodeIgniter->run()
 7 SYSTEMPATH/Boot.php(68): CodeIgniter\Boot::runCodeIgniter()
 8 FCPATH/index.php(59): CodeIgniter\Boot::bootWeb()
ERROR - 2026-04-17 11:15:08 --> Error connecting to the database: Error: Call to undefined function CodeIgniter\Database\Postgre\pg_connect() in /home/itu/L2/S4/Rojo/codeigniter4-framework-b3359be/system/Database/Postgre/Connection.php:78
Stack trace:
#0 /home/itu/L2/S4/Rojo/codeigniter4-framework-b3359be/system/Database/BaseConnection.php(555): CodeIgniter\Database\Postgre\Connection->connect()
#1 /home/itu/L2/S4/Rojo/codeigniter4-framework-b3359be/system/Database/BaseConnection.php(795): CodeIgniter\Database\BaseConnection->initialize()
#2 /home/itu/L2/S4/Rojo/codeigniter4-framework-b3359be/app/Controllers/Livre.php(13): CodeIgniter\Database\BaseConnection->query()
#3 /home/itu/L2/S4/Rojo/codeigniter4-framework-b3359be/system/CodeIgniter.php(951): App\Controllers\Livre->index()
#4 /home/itu/L2/S4/Rojo/codeigniter4-framework-b3359be/system/CodeIgniter.php(497): CodeIgniter\CodeIgniter->runController()
#5 /home/itu/L2/S4/Rojo/codeigniter4-framework-b3359be/system/CodeIgniter.php(340): CodeIgniter\CodeIgniter->handleRequest()
#6 /home/itu/L2/S4/Rojo/codeigniter4-framework-b3359be/system/Boot.php(417): CodeIgniter\CodeIgniter->run()
#7 /home/itu/L2/S4/Rojo/codeigniter4-framework-b3359be/system/Boot.php(68): CodeIgniter\Boot::runCodeIgniter()
#8 /home/itu/L2/S4/Rojo/codeigniter4-framework-b3359be/public/index.php(59): CodeIgniter\Boot::bootWeb()
#9 {main}
CRITICAL - 2026-04-17 11:15:08 --> CodeIgniter\Database\Exceptions\DatabaseException: Unable to connect to the database.
Main connection [Postgre]: Call to undefined function CodeIgniter\Database\Postgre\pg_connect()
[Method: GET, Route: livres]
in SYSTEMPATH/Database/BaseConnection.php on line 606.
 1 SYSTEMPATH/Database/BaseConnection.php(795): CodeIgniter\Database\BaseConnection->initialize()
 2 APPPATH/Controllers/Livre.php(13): CodeIgniter\Database\BaseConnection->query()
 3 SYSTEMPATH/CodeIgniter.php(951): App\Controllers\Livre->index()
 4 SYSTEMPATH/CodeIgniter.php(497): CodeIgniter\CodeIgniter->runController()
 5 SYSTEMPATH/CodeIgniter.php(340): CodeIgniter\CodeIgniter->handleRequest()
 6 SYSTEMPATH/Boot.php(417): CodeIgniter\CodeIgniter->run()
 7 SYSTEMPATH/Boot.php(68): CodeIgniter\Boot::runCodeIgniter()
 8 FCPATH/index.php(59): CodeIgniter\Boot::bootWeb()
ERROR - 2026-04-17 11:15:08 --> Error connecting to the database: Error: Call to undefined function CodeIgniter\Database\Postgre\pg_connect() in /home/itu/L2/S4/Rojo/codeigniter4-framework-b3359be/system/Database/Postgre/Connection.php:78
Stack trace:
#0 /home/itu/L2/S4/Rojo/codeigniter4-framework-b3359be/system/Database/BaseConnection.php(555): CodeIgniter\Database\Postgre\Connection->connect()
#1 /home/itu/L2/S4/Rojo/codeigniter4-framework-b3359be/system/Database/BaseConnection.php(795): CodeIgniter\Database\BaseConnection->initialize()
#2 /home/itu/L2/S4/Rojo/codeigniter4-framework-b3359be/app/Controllers/Livre.php(13): CodeIgniter\Database\BaseConnection->query()
#3 /home/itu/L2/S4/Rojo/codeigniter4-framework-b3359be/system/CodeIgniter.php(951): App\Controllers\Livre->index()
#4 /home/itu/L2/S4/Rojo/codeigniter4-framework-b3359be/system/CodeIgniter.php(497): CodeIgniter\CodeIgniter->runController()
#5 /home/itu/L2/S4/Rojo/codeigniter4-framework-b3359be/system/CodeIgniter.php(340): CodeIgniter\CodeIgniter->handleRequest()
#6 /home/itu/L2/S4/Rojo/codeigniter4-framework-b3359be/system/Boot.php(417): CodeIgniter\CodeIgniter->run()
#7 /home/itu/L2/S4/Rojo/codeigniter4-framework-b3359be/system/Boot.php(68): CodeIgniter\Boot::runCodeIgniter()
#8 /home/itu/L2/S4/Rojo/codeigniter4-framework-b3359be/public/index.php(59): CodeIgniter\Boot::bootWeb()
#9 {main}
CRITICAL - 2026-04-17 11:15:08 --> CodeIgniter\Database\Exceptions\DatabaseException: Unable to connect to the database.
Main connection [Postgre]: Call to undefined function CodeIgniter\Database\Postgre\pg_connect()
[Method: GET, Route: livres]
in SYSTEMPATH/Database/BaseConnection.php on line 606.
 1 SYSTEMPATH/Database/BaseConnection.php(795): CodeIgniter\Database\BaseConnection->initialize()
 2 APPPATH/Controllers/Livre.php(13): CodeIgniter\Database\BaseConnection->query()
 3 SYSTEMPATH/CodeIgniter.php(951): App\Controllers\Livre->index()
 4 SYSTEMPATH/CodeIgniter.php(497): CodeIgniter\CodeIgniter->runController()
 5 SYSTEMPATH/CodeIgniter.php(340): CodeIgniter\CodeIgniter->handleRequest()
 6 SYSTEMPATH/Boot.php(417): CodeIgniter\CodeIgniter->run()
 7 SYSTEMPATH/Boot.php(68): CodeIgniter\Boot::runCodeIgniter()
 8 FCPATH/index.php(59): CodeIgniter\Boot::bootWeb()
ERROR - 2026-04-17 11:15:09 --> Error connecting to the database: Error: Call to undefined function CodeIgniter\Database\Postgre\pg_connect() in /home/itu/L2/S4/Rojo/codeigniter4-framework-b3359be/system/Database/Postgre/Connection.php:78
Stack trace:
#0 /home/itu/L2/S4/Rojo/codeigniter4-framework-b3359be/system/Database/BaseConnection.php(555): CodeIgniter\Database\Postgre\Connection->connect()
#1 /home/itu/L2/S4/Rojo/codeigniter4-framework-b3359be/system/Database/BaseConnection.php(795): CodeIgniter\Database\BaseConnection->initialize()
#2 /home/itu/L2/S4/Rojo/codeigniter4-framework-b3359be/app/Controllers/Livre.php(13): CodeIgniter\Database\BaseConnection->query()
#3 /home/itu/L2/S4/Rojo/codeigniter4-framework-b3359be/system/CodeIgniter.php(951): App\Controllers\Livre->index()
#4 /home/itu/L2/S4/Rojo/codeigniter4-framework-b3359be/system/CodeIgniter.php(497): CodeIgniter\CodeIgniter->runController()
#5 /home/itu/L2/S4/Rojo/codeigniter4-framework-b3359be/system/CodeIgniter.php(340): CodeIgniter\CodeIgniter->handleRequest()
#6 /home/itu/L2/S4/Rojo/codeigniter4-framework-b3359be/system/Boot.php(417): CodeIgniter\CodeIgniter->run()
#7 /home/itu/L2/S4/Rojo/codeigniter4-framework-b3359be/system/Boot.php(68): CodeIgniter\Boot::runCodeIgniter()
#8 /home/itu/L2/S4/Rojo/codeigniter4-framework-b3359be/public/index.php(59): CodeIgniter\Boot::bootWeb()
#9 {main}
CRITICAL - 2026-04-17 11:15:09 --> CodeIgniter\Database\Exceptions\DatabaseException: Unable to connect to the database.
Main connection [Postgre]: Call to undefined function CodeIgniter\Database\Postgre\pg_connect()
[Method: GET, Route: livres]
in SYSTEMPATH/Database/BaseConnection.php on line 606.
 1 SYSTEMPATH/Database/BaseConnection.php(795): CodeIgniter\Database\BaseConnection->initialize()
 2 APPPATH/Controllers/Livre.php(13): CodeIgniter\Database\BaseConnection->query()
 3 SYSTEMPATH/CodeIgniter.php(951): App\Controllers\Livre->index()
 4 SYSTEMPATH/CodeIgniter.php(497): CodeIgniter\CodeIgniter->runController()
 5 SYSTEMPATH/CodeIgniter.php(340): CodeIgniter\CodeIgniter->handleRequest()
 6 SYSTEMPATH/Boot.php(417): CodeIgniter\CodeIgniter->run()
 7 SYSTEMPATH/Boot.php(68): CodeIgniter\Boot::runCodeIgniter()
 8 FCPATH/index.php(59): CodeIgniter\Boot::bootWeb()
ERROR - 2026-04-17 11:15:09 --> Error connecting to the database: Error: Call to undefined function CodeIgniter\Database\Postgre\pg_connect() in /home/itu/L2/S4/Rojo/codeigniter4-framework-b3359be/system/Database/Postgre/Connection.php:78
Stack trace:
#0 /home/itu/L2/S4/Rojo/codeigniter4-framework-b3359be/system/Database/BaseConnection.php(555): CodeIgniter\Database\Postgre\Connection->connect()
#1 /home/itu/L2/S4/Rojo/codeigniter4-framework-b3359be/system/Database/BaseConnection.php(795): CodeIgniter\Database\BaseConnection->initialize()
#2 /home/itu/L2/S4/Rojo/codeigniter4-framework-b3359be/app/Controllers/Livre.php(13): CodeIgniter\Database\BaseConnection->query()
#3 /home/itu/L2/S4/Rojo/codeigniter4-framework-b3359be/system/CodeIgniter.php(951): App\Controllers\Livre->index()
#4 /home/itu/L2/S4/Rojo/codeigniter4-framework-b3359be/system/CodeIgniter.php(497): CodeIgniter\CodeIgniter->runController()
#5 /home/itu/L2/S4/Rojo/codeigniter4-framework-b3359be/system/CodeIgniter.php(340): CodeIgniter\CodeIgniter->handleRequest()
#6 /home/itu/L2/S4/Rojo/codeigniter4-framework-b3359be/system/Boot.php(417): CodeIgniter\CodeIgniter->run()
#7 /home/itu/L2/S4/Rojo/codeigniter4-framework-b3359be/system/Boot.php(68): CodeIgniter\Boot::runCodeIgniter()
#8 /home/itu/L2/S4/Rojo/codeigniter4-framework-b3359be/public/index.php(59): CodeIgniter\Boot::bootWeb()
#9 {main}
CRITICAL - 2026-04-17 11:15:09 --> CodeIgniter\Database\Exceptions\DatabaseException: Unable to connect to the database.
Main connection [Postgre]: Call to undefined function CodeIgniter\Database\Postgre\pg_connect()
[Method: GET, Route: livres]
in SYSTEMPATH/Database/BaseConnection.php on line 606.
 1 SYSTEMPATH/Database/BaseConnection.php(795): CodeIgniter\Database\BaseConnection->initialize()
 2 APPPATH/Controllers/Livre.php(13): CodeIgniter\Database\BaseConnection->query()
 3 SYSTEMPATH/CodeIgniter.php(951): App\Controllers\Livre->index()
 4 SYSTEMPATH/CodeIgniter.php(497): CodeIgniter\CodeIgniter->runController()
 5 SYSTEMPATH/CodeIgniter.php(340): CodeIgniter\CodeIgniter->handleRequest()
 6 SYSTEMPATH/Boot.php(417): CodeIgniter\CodeIgniter->run()
 7 SYSTEMPATH/Boot.php(68): CodeIgniter\Boot::runCodeIgniter()
 8 FCPATH/index.php(59): CodeIgniter\Boot::bootWeb()
ERROR - 2026-04-17 11:16:25 --> Error connecting to the database: Error: Call to undefined function CodeIgniter\Database\Postgre\pg_connect() in /home/itu/L2/S4/Rojo/codeigniter4-framework-b3359be/system/Database/Postgre/Connection.php:78
Stack trace:
#0 /home/itu/L2/S4/Rojo/codeigniter4-framework-b3359be/system/Database/BaseConnection.php(555): CodeIgniter\Database\Postgre\Connection->connect()
#1 /home/itu/L2/S4/Rojo/codeigniter4-framework-b3359be/system/Database/BaseConnection.php(795): CodeIgniter\Database\BaseConnection->initialize()
#2 /home/itu/L2/S4/Rojo/codeigniter4-framework-b3359be/app/Controllers/Livre.php(13): CodeIgniter\Database\BaseConnection->query()
#3 /home/itu/L2/S4/Rojo/codeigniter4-framework-b3359be/system/CodeIgniter.php(951): App\Controllers\Livre->index()
#4 /home/itu/L2/S4/Rojo/codeigniter4-framework-b3359be/system/CodeIgniter.php(497): CodeIgniter\CodeIgniter->runController()
#5 /home/itu/L2/S4/Rojo/codeigniter4-framework-b3359be/system/CodeIgniter.php(340): CodeIgniter\CodeIgniter->handleRequest()
#6 /home/itu/L2/S4/Rojo/codeigniter4-framework-b3359be/system/Boot.php(417): CodeIgniter\CodeIgniter->run()
#7 /home/itu/L2/S4/Rojo/codeigniter4-framework-b3359be/system/Boot.php(68): CodeIgniter\Boot::runCodeIgniter()
#8 /home/itu/L2/S4/Rojo/codeigniter4-framework-b3359be/public/index.php(59): CodeIgniter\Boot::bootWeb()
#9 {main}
CRITICAL - 2026-04-17 11:16:25 --> CodeIgniter\Database\Exceptions\DatabaseException: Unable to connect to the database.
Main connection [Postgre]: Call to undefined function CodeIgniter\Database\Postgre\pg_connect()
[Method: GET, Route: livres]
in SYSTEMPATH/Database/BaseConnection.php on line 606.
 1 SYSTEMPATH/Database/BaseConnection.php(795): CodeIgniter\Database\BaseConnection->initialize()
 2 APPPATH/Controllers/Livre.php(13): CodeIgniter\Database\BaseConnection->query()
 3 SYSTEMPATH/CodeIgniter.php(951): App\Controllers\Livre->index()
 4 SYSTEMPATH/CodeIgniter.php(497): CodeIgniter\CodeIgniter->runController()
 5 SYSTEMPATH/CodeIgniter.php(340): CodeIgniter\CodeIgniter->handleRequest()
 6 SYSTEMPATH/Boot.php(417): CodeIgniter\CodeIgniter->run()
 7 SYSTEMPATH/Boot.php(68): CodeIgniter\Boot::runCodeIgniter()
 8 FCPATH/index.php(59): CodeIgniter\Boot::bootWeb()
ERROR - 2026-04-17 11:17:37 --> Error connecting to the database: Error: Call to undefined function CodeIgniter\Database\Postgre\pg_connect() in /home/itu/L2/S4/Rojo/codeigniter4-framework-b3359be/system/Database/Postgre/Connection.php:78
Stack trace:
#0 /home/itu/L2/S4/Rojo/codeigniter4-framework-b3359be/system/Database/BaseConnection.php(555): CodeIgniter\Database\Postgre\Connection->connect()
#1 /home/itu/L2/S4/Rojo/codeigniter4-framework-b3359be/system/Database/BaseConnection.php(795): CodeIgniter\Database\BaseConnection->initialize()
#2 /home/itu/L2/S4/Rojo/codeigniter4-framework-b3359be/app/Controllers/Livre.php(13): CodeIgniter\Database\BaseConnection->query()
#3 /home/itu/L2/S4/Rojo/codeigniter4-framework-b3359be/system/CodeIgniter.php(951): App\Controllers\Livre->index()
#4 /home/itu/L2/S4/Rojo/codeigniter4-framework-b3359be/system/CodeIgniter.php(497): CodeIgniter\CodeIgniter->runController()
#5 /home/itu/L2/S4/Rojo/codeigniter4-framework-b3359be/system/CodeIgniter.php(340): CodeIgniter\CodeIgniter->handleRequest()
#6 /home/itu/L2/S4/Rojo/codeigniter4-framework-b3359be/system/Boot.php(417): CodeIgniter\CodeIgniter->run()
#7 /home/itu/L2/S4/Rojo/codeigniter4-framework-b3359be/system/Boot.php(68): CodeIgniter\Boot::runCodeIgniter()
#8 /home/itu/L2/S4/Rojo/codeigniter4-framework-b3359be/public/index.php(59): CodeIgniter\Boot::bootWeb()
#9 {main}
CRITICAL - 2026-04-17 11:17:37 --> CodeIgniter\Database\Exceptions\DatabaseException: Unable to connect to the database.
Main connection [Postgre]: Call to undefined function CodeIgniter\Database\Postgre\pg_connect()
[Method: GET, Route: livres]
in SYSTEMPATH/Database/BaseConnection.php on line 606.
 1 SYSTEMPATH/Database/BaseConnection.php(795): CodeIgniter\Database\BaseConnection->initialize()
 2 APPPATH/Controllers/Livre.php(13): CodeIgniter\Database\BaseConnection->query()
 3 SYSTEMPATH/CodeIgniter.php(951): App\Controllers\Livre->index()
 4 SYSTEMPATH/CodeIgniter.php(497): CodeIgniter\CodeIgniter->runController()
 5 SYSTEMPATH/CodeIgniter.php(340): CodeIgniter\CodeIgniter->handleRequest()
 6 SYSTEMPATH/Boot.php(417): CodeIgniter\CodeIgniter->run()
 7 SYSTEMPATH/Boot.php(68): CodeIgniter\Boot::runCodeIgniter()
 8 FCPATH/index.php(59): CodeIgniter\Boot::bootWeb()
ERROR - 2026-04-17 11:17:37 --> Error connecting to the database: Error: Call to undefined function CodeIgniter\Database\Postgre\pg_connect() in /home/itu/L2/S4/Rojo/codeigniter4-framework-b3359be/system/Database/Postgre/Connection.php:78
Stack trace:
#0 /home/itu/L2/S4/Rojo/codeigniter4-framework-b3359be/system/Database/BaseConnection.php(555): CodeIgniter\Database\Postgre\Connection->connect()
#1 /home/itu/L2/S4/Rojo/codeigniter4-framework-b3359be/system/Database/BaseConnection.php(795): CodeIgniter\Database\BaseConnection->initialize()
#2 /home/itu/L2/S4/Rojo/codeigniter4-framework-b3359be/app/Controllers/Livre.php(13): CodeIgniter\Database\BaseConnection->query()
#3 /home/itu/L2/S4/Rojo/codeigniter4-framework-b3359be/system/CodeIgniter.php(951): App\Controllers\Livre->index()
#4 /home/itu/L2/S4/Rojo/codeigniter4-framework-b3359be/system/CodeIgniter.php(497): CodeIgniter\CodeIgniter->runController()
#5 /home/itu/L2/S4/Rojo/codeigniter4-framework-b3359be/system/CodeIgniter.php(340): CodeIgniter\CodeIgniter->handleRequest()
#6 /home/itu/L2/S4/Rojo/codeigniter4-framework-b3359be/system/Boot.php(417): CodeIgniter\CodeIgniter->run()
#7 /home/itu/L2/S4/Rojo/codeigniter4-framework-b3359be/system/Boot.php(68): CodeIgniter\Boot::runCodeIgniter()
#8 /home/itu/L2/S4/Rojo/codeigniter4-framework-b3359be/public/index.php(59): CodeIgniter\Boot::bootWeb()
#9 {main}
CRITICAL - 2026-04-17 11:17:37 --> CodeIgniter\Database\Exceptions\DatabaseException: Unable to connect to the database.
Main connection [Postgre]: Call to undefined function CodeIgniter\Database\Postgre\pg_connect()
[Method: GET, Route: livres]
in SYSTEMPATH/Database/BaseConnection.php on line 606.
 1 SYSTEMPATH/Database/BaseConnection.php(795): CodeIgniter\Database\BaseConnection->initialize()
 2 APPPATH/Controllers/Livre.php(13): CodeIgniter\Database\BaseConnection->query()
 3 SYSTEMPATH/CodeIgniter.php(951): App\Controllers\Livre->index()
 4 SYSTEMPATH/CodeIgniter.php(497): CodeIgniter\CodeIgniter->runController()
 5 SYSTEMPATH/CodeIgniter.php(340): CodeIgniter\CodeIgniter->handleRequest()
 6 SYSTEMPATH/Boot.php(417): CodeIgniter\CodeIgniter->run()
 7 SYSTEMPATH/Boot.php(68): CodeIgniter\Boot::runCodeIgniter()
 8 FCPATH/index.php(59): CodeIgniter\Boot::bootWeb()
ERROR - 2026-04-17 11:17:38 --> Error connecting to the database: Error: Call to undefined function CodeIgniter\Database\Postgre\pg_connect() in /home/itu/L2/S4/Rojo/codeigniter4-framework-b3359be/system/Database/Postgre/Connection.php:78
Stack trace:
#0 /home/itu/L2/S4/Rojo/codeigniter4-framework-b3359be/system/Database/BaseConnection.php(555): CodeIgniter\Database\Postgre\Connection->connect()
#1 /home/itu/L2/S4/Rojo/codeigniter4-framework-b3359be/system/Database/BaseConnection.php(795): CodeIgniter\Database\BaseConnection->initialize()
#2 /home/itu/L2/S4/Rojo/codeigniter4-framework-b3359be/app/Controllers/Livre.php(13): CodeIgniter\Database\BaseConnection->query()
#3 /home/itu/L2/S4/Rojo/codeigniter4-framework-b3359be/system/CodeIgniter.php(951): App\Controllers\Livre->index()
#4 /home/itu/L2/S4/Rojo/codeigniter4-framework-b3359be/system/CodeIgniter.php(497): CodeIgniter\CodeIgniter->runController()
#5 /home/itu/L2/S4/Rojo/codeigniter4-framework-b3359be/system/CodeIgniter.php(340): CodeIgniter\CodeIgniter->handleRequest()
#6 /home/itu/L2/S4/Rojo/codeigniter4-framework-b3359be/system/Boot.php(417): CodeIgniter\CodeIgniter->run()
#7 /home/itu/L2/S4/Rojo/codeigniter4-framework-b3359be/system/Boot.php(68): CodeIgniter\Boot::runCodeIgniter()
#8 /home/itu/L2/S4/Rojo/codeigniter4-framework-b3359be/public/index.php(59): CodeIgniter\Boot::bootWeb()
#9 {main}
CRITICAL - 2026-04-17 11:17:38 --> CodeIgniter\Database\Exceptions\DatabaseException: Unable to connect to the database.
Main connection [Postgre]: Call to undefined function CodeIgniter\Database\Postgre\pg_connect()
[Method: GET, Route: livres]
in SYSTEMPATH/Database/BaseConnection.php on line 606.
 1 SYSTEMPATH/Database/BaseConnection.php(795): CodeIgniter\Database\BaseConnection->initialize()
 2 APPPATH/Controllers/Livre.php(13): CodeIgniter\Database\BaseConnection->query()
 3 SYSTEMPATH/CodeIgniter.php(951): App\Controllers\Livre->index()
 4 SYSTEMPATH/CodeIgniter.php(497): CodeIgniter\CodeIgniter->runController()
 5 SYSTEMPATH/CodeIgniter.php(340): CodeIgniter\CodeIgniter->handleRequest()
 6 SYSTEMPATH/Boot.php(417): CodeIgniter\CodeIgniter->run()
 7 SYSTEMPATH/Boot.php(68): CodeIgniter\Boot::runCodeIgniter()
 8 FCPATH/index.php(59): CodeIgniter\Boot::bootWeb()
ERROR - 2026-04-17 11:21:33 --> Error connecting to the database: Error: Call to undefined function CodeIgniter\Database\Postgre\pg_connect() in /home/itu/L2/S4/Rojo/codeigniter4-framework-b3359be/system/Database/Postgre/Connection.php:78
Stack trace:
#0 /home/itu/L2/S4/Rojo/codeigniter4-framework-b3359be/system/Database/BaseConnection.php(555): CodeIgniter\Database\Postgre\Connection->connect()
#1 /home/itu/L2/S4/Rojo/codeigniter4-framework-b3359be/system/Database/BaseConnection.php(795): CodeIgniter\Database\BaseConnection->initialize()
#2 /home/itu/L2/S4/Rojo/codeigniter4-framework-b3359be/system/Database/BaseBuilder.php(1649): CodeIgniter\Database\BaseConnection->query()
#3 /home/itu/L2/S4/Rojo/codeigniter4-framework-b3359be/system/Model.php(253): CodeIgniter\Database\BaseBuilder->get()
#4 /home/itu/L2/S4/Rojo/codeigniter4-framework-b3359be/system/BaseModel.php(676): CodeIgniter\Model->doFindAll()
#5 /home/itu/L2/S4/Rojo/codeigniter4-framework-b3359be/app/Controllers/Livre.php(12): CodeIgniter\BaseModel->findAll()
#6 /home/itu/L2/S4/Rojo/codeigniter4-framework-b3359be/system/CodeIgniter.php(951): App\Controllers\Livre->index()
#7 /home/itu/L2/S4/Rojo/codeigniter4-framework-b3359be/system/CodeIgniter.php(497): CodeIgniter\CodeIgniter->runController()
#8 /home/itu/L2/S4/Rojo/codeigniter4-framework-b3359be/system/CodeIgniter.php(340): CodeIgniter\CodeIgniter->handleRequest()
#9 /home/itu/L2/S4/Rojo/codeigniter4-framework-b3359be/system/Boot.php(417): CodeIgniter\CodeIgniter->run()
#10 /home/itu/L2/S4/Rojo/codeigniter4-framework-b3359be/system/Boot.php(68): CodeIgniter\Boot::runCodeIgniter()
#11 /home/itu/L2/S4/Rojo/codeigniter4-framework-b3359be/public/index.php(59): CodeIgniter\Boot::bootWeb()
#12 {main}
CRITICAL - 2026-04-17 11:21:33 --> CodeIgniter\Database\Exceptions\DatabaseException: Unable to connect to the database.
Main connection [Postgre]: Call to undefined function CodeIgniter\Database\Postgre\pg_connect()
[Method: GET, Route: livres]
in SYSTEMPATH/Database/BaseConnection.php on line 606.
 1 SYSTEMPATH/Database/BaseConnection.php(795): CodeIgniter\Database\BaseConnection->initialize()
 2 SYSTEMPATH/Database/BaseBuilder.php(1649): CodeIgniter\Database\BaseConnection->query()
 3 SYSTEMPATH/Model.php(253): CodeIgniter\Database\BaseBuilder->get()
 4 SYSTEMPATH/BaseModel.php(676): CodeIgniter\Model->doFindAll()
 5 APPPATH/Controllers/Livre.php(12): CodeIgniter\BaseModel->findAll()
 6 SYSTEMPATH/CodeIgniter.php(951): App\Controllers\Livre->index()
 7 SYSTEMPATH/CodeIgniter.php(497): CodeIgniter\CodeIgniter->runController()
 8 SYSTEMPATH/CodeIgniter.php(340): CodeIgniter\CodeIgniter->handleRequest()
 9 SYSTEMPATH/Boot.php(417): CodeIgniter\CodeIgniter->run()
10 SYSTEMPATH/Boot.php(68): CodeIgniter\Boot::runCodeIgniter()
11 FCPATH/index.php(59): CodeIgniter\Boot::bootWeb()
