ERROR - 2026-04-15 08:40:29 --> Error connecting to the database: mysqli_sql_exception: No such file or directory in /home/itu/L2/S4/Rojo/codeigniter4-framework-b3359be/system/Database/MySQLi/Connection.php:201
Stack trace:
#0 /home/itu/L2/S4/Rojo/codeigniter4-framework-b3359be/system/Database/MySQLi/Connection.php(201): mysqli->real_connect()
#1 /home/itu/L2/S4/Rojo/codeigniter4-framework-b3359be/system/Database/BaseConnection.php(555): CodeIgniter\Database\MySQLi\Connection->connect()
#2 /home/itu/L2/S4/Rojo/codeigniter4-framework-b3359be/system/Database/BaseConnection.php(795): CodeIgniter\Database\BaseConnection->initialize()
#3 /home/itu/L2/S4/Rojo/codeigniter4-framework-b3359be/system/Database/BaseBuilder.php(1649): CodeIgniter\Database\BaseConnection->query()
#4 /home/itu/L2/S4/Rojo/codeigniter4-framework-b3359be/system/Model.php(253): CodeIgniter\Database\BaseBuilder->get()
#5 /home/itu/L2/S4/Rojo/codeigniter4-framework-b3359be/system/BaseModel.php(676): CodeIgniter\Model->doFindAll()
#6 /home/itu/L2/S4/Rojo/codeigniter4-framework-b3359be/app/Controllers/Livre.php(12): CodeIgniter\BaseModel->findAll()
#7 /home/itu/L2/S4/Rojo/codeigniter4-framework-b3359be/system/CodeIgniter.php(951): App\Controllers\Livre->index()
#8 /home/itu/L2/S4/Rojo/codeigniter4-framework-b3359be/system/CodeIgniter.php(497): CodeIgniter\CodeIgniter->runController()
#9 /home/itu/L2/S4/Rojo/codeigniter4-framework-b3359be/system/CodeIgniter.php(340): CodeIgniter\CodeIgniter->handleRequest()
#10 /home/itu/L2/S4/Rojo/codeigniter4-framework-b3359be/system/Boot.php(417): CodeIgniter\CodeIgniter->run()
#11 /home/itu/L2/S4/Rojo/codeigniter4-framework-b3359be/system/Boot.php(68): CodeIgniter\Boot::runCodeIgniter()
#12 /home/itu/L2/S4/Rojo/codeigniter4-framework-b3359be/public/index.php(59): CodeIgniter\Boot::bootWeb()
#13 {main}

Next CodeIgniter\Database\Exceptions\DatabaseException: No such file or directory in /home/itu/L2/S4/Rojo/codeigniter4-framework-b3359be/system/Database/MySQLi/Connection.php:231
Stack trace:
#0 /home/itu/L2/S4/Rojo/codeigniter4-framework-b3359be/system/Database/BaseConnection.php(555): CodeIgniter\Database\MySQLi\Connection->connect()
#1 /home/itu/L2/S4/Rojo/codeigniter4-framework-b3359be/system/Database/BaseConnection.php(795): CodeIgniter\Database\BaseConnection->initialize()
#2 /home/itu/L2/S4/Rojo/codeigniter4-framework-b3359be/system/Database/BaseBuilder.php(1649): CodeIgniter\Database\BaseConnection->query()
#3 /home/itu/L2/S4/Rojo/codeigniter4-framework-b3359be/system/Model.php(253): CodeIgniter\Database\BaseBuilder->get()
#4 /home/itu/L2/S4/Rojo/codeigniter4-framework-b3359be/system/BaseModel.php(676): CodeIgniter\Model->doFindAll()
#5 /home/itu/L2/S4/Rojo/codeigniter4-framework-b3359be/app/Controllers/Livre.php(12): CodeIgniter\BaseModel->findAll()
#6 /home/itu/L2/S4/Rojo/codeigniter4-framework-b3359be/system/CodeIgniter.php(951): App\Controllers\Livre->index()
#7 /home/itu/L2/S4/Rojo/codeigniter4-framework-b3359be/system/CodeIgniter.php(497): CodeIgniter\CodeIgniter->runController()
#8 /home/itu/L2/S4/Rojo/codeigniter4-framework-b3359be/system/CodeIgniter.php(340): CodeIgniter\CodeIgniter->handleRequest()
#9 /home/itu/L2/S4/Rojo/codeigniter4-framework-b3359be/system/Boot.php(417): CodeIgniter\CodeIgniter->run()
#10 /home/itu/L2/S4/Rojo/codeigniter4-framework-b3359be/system/Boot.php(68): CodeIgniter\Boot::runCodeIgniter()
#11 /home/itu/L2/S4/Rojo/codeigniter4-framework-b3359be/public/index.php(59): CodeIgniter\Boot::bootWeb()
#12 {main}
CRITICAL - 2026-04-15 08:40:29 --> CodeIgniter\Database\Exceptions\DatabaseException: Unable to connect to the database.
Main connection [MySQLi]: No such file or directory
[Method: GET, Route: livres]
in SYSTEMPATH/Database/BaseConnection.php on line 606.
 1 SYSTEMPATH/Database/BaseConnection.php(795): CodeIgniter\Database\BaseConnection->initialize()
 2 SYSTEMPATH/Database/BaseBuilder.php(1649): CodeIgniter\Database\BaseConnection->query()
 3 SYSTEMPATH/Model.php(253): CodeIgniter\Database\BaseBuilder->get()
 4 SYSTEMPATH/BaseModel.php(676): CodeIgniter\Model->doFindAll()
 5 APPPATH/Controllers/Livre.php(12): CodeIgniter\BaseModel->findAll()
 6 SYSTEMPATH/CodeIgniter.php(951): App\Controllers\Livre->index()
 7 SYSTEMPATH/CodeIgniter.php(497): CodeIgniter\CodeIgniter->runController()
 8 SYSTEMPATH/CodeIgniter.php(340): CodeIgniter\CodeIgniter->handleRequest()
 9 SYSTEMPATH/Boot.php(417): CodeIgniter\CodeIgniter->run()
10 SYSTEMPATH/Boot.php(68): CodeIgniter\Boot::runCodeIgniter()
11 FCPATH/index.php(59): CodeIgniter\Boot::bootWeb()
ERROR - 2026-04-15 08:41:11 --> Error connecting to the database: mysqli_sql_exception: No such file or directory in /home/itu/L2/S4/Rojo/codeigniter4-framework-b3359be/system/Database/MySQLi/Connection.php:201
Stack trace:
#0 /home/itu/L2/S4/Rojo/codeigniter4-framework-b3359be/system/Database/MySQLi/Connection.php(201): mysqli->real_connect()
#1 /home/itu/L2/S4/Rojo/codeigniter4-framework-b3359be/system/Database/BaseConnection.php(555): CodeIgniter\Database\MySQLi\Connection->connect()
#2 /home/itu/L2/S4/Rojo/codeigniter4-framework-b3359be/system/Database/BaseConnection.php(795): CodeIgniter\Database\BaseConnection->initialize()
#3 /home/itu/L2/S4/Rojo/codeigniter4-framework-b3359be/system/Database/BaseBuilder.php(1649): CodeIgniter\Database\BaseConnection->query()
#4 /home/itu/L2/S4/Rojo/codeigniter4-framework-b3359be/system/Model.php(253): CodeIgniter\Database\BaseBuilder->get()
#5 /home/itu/L2/S4/Rojo/codeigniter4-framework-b3359be/system/BaseModel.php(676): CodeIgniter\Model->doFindAll()
#6 /home/itu/L2/S4/Rojo/codeigniter4-framework-b3359be/app/Controllers/Livre.php(12): CodeIgniter\BaseModel->findAll()
#7 /home/itu/L2/S4/Rojo/codeigniter4-framework-b3359be/system/CodeIgniter.php(951): App\Controllers\Livre->index()
#8 /home/itu/L2/S4/Rojo/codeigniter4-framework-b3359be/system/CodeIgniter.php(497): CodeIgniter\CodeIgniter->runController()
#9 /home/itu/L2/S4/Rojo/codeigniter4-framework-b3359be/system/CodeIgniter.php(340): CodeIgniter\CodeIgniter->handleRequest()
#10 /home/itu/L2/S4/Rojo/codeigniter4-framework-b3359be/system/Boot.php(417): CodeIgniter\CodeIgniter->run()
#11 /home/itu/L2/S4/Rojo/codeigniter4-framework-b3359be/system/Boot.php(68): CodeIgniter\Boot::runCodeIgniter()
#12 /home/itu/L2/S4/Rojo/codeigniter4-framework-b3359be/public/index.php(59): CodeIgniter\Boot::bootWeb()
#13 {main}

Next CodeIgniter\Database\Exceptions\DatabaseException: No such file or directory in /home/itu/L2/S4/Rojo/codeigniter4-framework-b3359be/system/Database/MySQLi/Connection.php:231
Stack trace:
#0 /home/itu/L2/S4/Rojo/codeigniter4-framework-b3359be/system/Database/BaseConnection.php(555): CodeIgniter\Database\MySQLi\Connection->connect()
#1 /home/itu/L2/S4/Rojo/codeigniter4-framework-b3359be/system/Database/BaseConnection.php(795): CodeIgniter\Database\BaseConnection->initialize()
#2 /home/itu/L2/S4/Rojo/codeigniter4-framework-b3359be/system/Database/BaseBuilder.php(1649): CodeIgniter\Database\BaseConnection->query()
#3 /home/itu/L2/S4/Rojo/codeigniter4-framework-b3359be/system/Model.php(253): CodeIgniter\Database\BaseBuilder->get()
#4 /home/itu/L2/S4/Rojo/codeigniter4-framework-b3359be/system/BaseModel.php(676): CodeIgniter\Model->doFindAll()
#5 /home/itu/L2/S4/Rojo/codeigniter4-framework-b3359be/app/Controllers/Livre.php(12): CodeIgniter\BaseModel->findAll()
#6 /home/itu/L2/S4/Rojo/codeigniter4-framework-b3359be/system/CodeIgniter.php(951): App\Controllers\Livre->index()
#7 /home/itu/L2/S4/Rojo/codeigniter4-framework-b3359be/system/CodeIgniter.php(497): CodeIgniter\CodeIgniter->runController()
#8 /home/itu/L2/S4/Rojo/codeigniter4-framework-b3359be/system/CodeIgniter.php(340): CodeIgniter\CodeIgniter->handleRequest()
#9 /home/itu/L2/S4/Rojo/codeigniter4-framework-b3359be/system/Boot.php(417): CodeIgniter\CodeIgniter->run()
#10 /home/itu/L2/S4/Rojo/codeigniter4-framework-b3359be/system/Boot.php(68): CodeIgniter\Boot::runCodeIgniter()
#11 /home/itu/L2/S4/Rojo/codeigniter4-framework-b3359be/public/index.php(59): CodeIgniter\Boot::bootWeb()
#12 {main}
CRITICAL - 2026-04-15 08:41:11 --> CodeIgniter\Database\Exceptions\DatabaseException: Unable to connect to the database.
Main connection [MySQLi]: No such file or directory
[Method: GET, Route: livres]
in SYSTEMPATH/Database/BaseConnection.php on line 606.
 1 SYSTEMPATH/Database/BaseConnection.php(795): CodeIgniter\Database\BaseConnection->initialize()
 2 SYSTEMPATH/Database/BaseBuilder.php(1649): CodeIgniter\Database\BaseConnection->query()
 3 SYSTEMPATH/Model.php(253): CodeIgniter\Database\BaseBuilder->get()
 4 SYSTEMPATH/BaseModel.php(676): CodeIgniter\Model->doFindAll()
 5 APPPATH/Controllers/Livre.php(12): CodeIgniter\BaseModel->findAll()
 6 SYSTEMPATH/CodeIgniter.php(951): App\Controllers\Livre->index()
 7 SYSTEMPATH/CodeIgniter.php(497): CodeIgniter\CodeIgniter->runController()
 8 SYSTEMPATH/CodeIgniter.php(340): CodeIgniter\CodeIgniter->handleRequest()
 9 SYSTEMPATH/Boot.php(417): CodeIgniter\CodeIgniter->run()
10 SYSTEMPATH/Boot.php(68): CodeIgniter\Boot::runCodeIgniter()
11 FCPATH/index.php(59): CodeIgniter\Boot::bootWeb()
ERROR - 2026-04-15 08:41:22 --> Error connecting to the database: mysqli_sql_exception: No such file or directory in /home/itu/L2/S4/Rojo/codeigniter4-framework-b3359be/system/Database/MySQLi/Connection.php:201
Stack trace:
#0 /home/itu/L2/S4/Rojo/codeigniter4-framework-b3359be/system/Database/MySQLi/Connection.php(201): mysqli->real_connect()
#1 /home/itu/L2/S4/Rojo/codeigniter4-framework-b3359be/system/Database/BaseConnection.php(555): CodeIgniter\Database\MySQLi\Connection->connect()
#2 /home/itu/L2/S4/Rojo/codeigniter4-framework-b3359be/system/Database/BaseConnection.php(795): CodeIgniter\Database\BaseConnection->initialize()
#3 /home/itu/L2/S4/Rojo/codeigniter4-framework-b3359be/system/Database/BaseBuilder.php(1649): CodeIgniter\Database\BaseConnection->query()
#4 /home/itu/L2/S4/Rojo/codeigniter4-framework-b3359be/system/Model.php(253): CodeIgniter\Database\BaseBuilder->get()
#5 /home/itu/L2/S4/Rojo/codeigniter4-framework-b3359be/system/BaseModel.php(676): CodeIgniter\Model->doFindAll()
#6 /home/itu/L2/S4/Rojo/codeigniter4-framework-b3359be/app/Controllers/Livre.php(12): CodeIgniter\BaseModel->findAll()
#7 /home/itu/L2/S4/Rojo/codeigniter4-framework-b3359be/system/CodeIgniter.php(951): App\Controllers\Livre->index()
#8 /home/itu/L2/S4/Rojo/codeigniter4-framework-b3359be/system/CodeIgniter.php(497): CodeIgniter\CodeIgniter->runController()
#9 /home/itu/L2/S4/Rojo/codeigniter4-framework-b3359be/system/CodeIgniter.php(340): CodeIgniter\CodeIgniter->handleRequest()
#10 /home/itu/L2/S4/Rojo/codeigniter4-framework-b3359be/system/Boot.php(417): CodeIgniter\CodeIgniter->run()
#11 /home/itu/L2/S4/Rojo/codeigniter4-framework-b3359be/system/Boot.php(68): CodeIgniter\Boot::runCodeIgniter()
#12 /home/itu/L2/S4/Rojo/codeigniter4-framework-b3359be/public/index.php(59): CodeIgniter\Boot::bootWeb()
#13 {main}

Next CodeIgniter\Database\Exceptions\DatabaseException: No such file or directory in /home/itu/L2/S4/Rojo/codeigniter4-framework-b3359be/system/Database/MySQLi/Connection.php:231
Stack trace:
#0 /home/itu/L2/S4/Rojo/codeigniter4-framework-b3359be/system/Database/BaseConnection.php(555): CodeIgniter\Database\MySQLi\Connection->connect()
#1 /home/itu/L2/S4/Rojo/codeigniter4-framework-b3359be/system/Database/BaseConnection.php(795): CodeIgniter\Database\BaseConnection->initialize()
#2 /home/itu/L2/S4/Rojo/codeigniter4-framework-b3359be/system/Database/BaseBuilder.php(1649): CodeIgniter\Database\BaseConnection->query()
#3 /home/itu/L2/S4/Rojo/codeigniter4-framework-b3359be/system/Model.php(253): CodeIgniter\Database\BaseBuilder->get()
#4 /home/itu/L2/S4/Rojo/codeigniter4-framework-b3359be/system/BaseModel.php(676): CodeIgniter\Model->doFindAll()
#5 /home/itu/L2/S4/Rojo/codeigniter4-framework-b3359be/app/Controllers/Livre.php(12): CodeIgniter\BaseModel->findAll()
#6 /home/itu/L2/S4/Rojo/codeigniter4-framework-b3359be/system/CodeIgniter.php(951): App\Controllers\Livre->index()
#7 /home/itu/L2/S4/Rojo/codeigniter4-framework-b3359be/system/CodeIgniter.php(497): CodeIgniter\CodeIgniter->runController()
#8 /home/itu/L2/S4/Rojo/codeigniter4-framework-b3359be/system/CodeIgniter.php(340): CodeIgniter\CodeIgniter->handleRequest()
#9 /home/itu/L2/S4/Rojo/codeigniter4-framework-b3359be/system/Boot.php(417): CodeIgniter\CodeIgniter->run()
#10 /home/itu/L2/S4/Rojo/codeigniter4-framework-b3359be/system/Boot.php(68): CodeIgniter\Boot::runCodeIgniter()
#11 /home/itu/L2/S4/Rojo/codeigniter4-framework-b3359be/public/index.php(59): CodeIgniter\Boot::bootWeb()
#12 {main}
CRITICAL - 2026-04-15 08:41:22 --> CodeIgniter\Database\Exceptions\DatabaseException: Unable to connect to the database.
Main connection [MySQLi]: No such file or directory
[Method: GET, Route: livres]
in SYSTEMPATH/Database/BaseConnection.php on line 606.
 1 SYSTEMPATH/Database/BaseConnection.php(795): CodeIgniter\Database\BaseConnection->initialize()
 2 SYSTEMPATH/Database/BaseBuilder.php(1649): CodeIgniter\Database\BaseConnection->query()
 3 SYSTEMPATH/Model.php(253): CodeIgniter\Database\BaseBuilder->get()
 4 SYSTEMPATH/BaseModel.php(676): CodeIgniter\Model->doFindAll()
 5 APPPATH/Controllers/Livre.php(12): CodeIgniter\BaseModel->findAll()
 6 SYSTEMPATH/CodeIgniter.php(951): App\Controllers\Livre->index()
 7 SYSTEMPATH/CodeIgniter.php(497): CodeIgniter\CodeIgniter->runController()
 8 SYSTEMPATH/CodeIgniter.php(340): CodeIgniter\CodeIgniter->handleRequest()
 9 SYSTEMPATH/Boot.php(417): CodeIgniter\CodeIgniter->run()
10 SYSTEMPATH/Boot.php(68): CodeIgniter\Boot::runCodeIgniter()
11 FCPATH/index.php(59): CodeIgniter\Boot::bootWeb()
ERROR - 2026-04-15 08:46:50 --> Error connecting to the database: mysqli_sql_exception: No such file or directory in /home/itu/L2/S4/Rojo/codeigniter4-framework-b3359be/system/Database/MySQLi/Connection.php:201
Stack trace:
#0 /home/itu/L2/S4/Rojo/codeigniter4-framework-b3359be/system/Database/MySQLi/Connection.php(201): mysqli->real_connect()
#1 /home/itu/L2/S4/Rojo/codeigniter4-framework-b3359be/system/Database/BaseConnection.php(555): CodeIgniter\Database\MySQLi\Connection->connect()
#2 /home/itu/L2/S4/Rojo/codeigniter4-framework-b3359be/system/Database/BaseConnection.php(795): CodeIgniter\Database\BaseConnection->initialize()
#3 /home/itu/L2/S4/Rojo/codeigniter4-framework-b3359be/system/Database/BaseBuilder.php(1649): CodeIgniter\Database\BaseConnection->query()
#4 /home/itu/L2/S4/Rojo/codeigniter4-framework-b3359be/system/Model.php(253): CodeIgniter\Database\BaseBuilder->get()
#5 /home/itu/L2/S4/Rojo/codeigniter4-framework-b3359be/system/BaseModel.php(676): CodeIgniter\Model->doFindAll()
#6 /home/itu/L2/S4/Rojo/codeigniter4-framework-b3359be/app/Controllers/Livre.php(12): CodeIgniter\BaseModel->findAll()
#7 /home/itu/L2/S4/Rojo/codeigniter4-framework-b3359be/system/CodeIgniter.php(951): App\Controllers\Livre->index()
#8 /home/itu/L2/S4/Rojo/codeigniter4-framework-b3359be/system/CodeIgniter.php(497): CodeIgniter\CodeIgniter->runController()
#9 /home/itu/L2/S4/Rojo/codeigniter4-framework-b3359be/system/CodeIgniter.php(340): CodeIgniter\CodeIgniter->handleRequest()
#10 /home/itu/L2/S4/Rojo/codeigniter4-framework-b3359be/system/Boot.php(417): CodeIgniter\CodeIgniter->run()
#11 /home/itu/L2/S4/Rojo/codeigniter4-framework-b3359be/system/Boot.php(68): CodeIgniter\Boot::runCodeIgniter()
#12 /home/itu/L2/S4/Rojo/codeigniter4-framework-b3359be/public/index.php(59): CodeIgniter\Boot::bootWeb()
#13 {main}

Next CodeIgniter\Database\Exceptions\DatabaseException: No such file or directory in /home/itu/L2/S4/Rojo/codeigniter4-framework-b3359be/system/Database/MySQLi/Connection.php:231
Stack trace:
#0 /home/itu/L2/S4/Rojo/codeigniter4-framework-b3359be/system/Database/BaseConnection.php(555): CodeIgniter\Database\MySQLi\Connection->connect()
#1 /home/itu/L2/S4/Rojo/codeigniter4-framework-b3359be/system/Database/BaseConnection.php(795): CodeIgniter\Database\BaseConnection->initialize()
#2 /home/itu/L2/S4/Rojo/codeigniter4-framework-b3359be/system/Database/BaseBuilder.php(1649): CodeIgniter\Database\BaseConnection->query()
#3 /home/itu/L2/S4/Rojo/codeigniter4-framework-b3359be/system/Model.php(253): CodeIgniter\Database\BaseBuilder->get()
#4 /home/itu/L2/S4/Rojo/codeigniter4-framework-b3359be/system/BaseModel.php(676): CodeIgniter\Model->doFindAll()
#5 /home/itu/L2/S4/Rojo/codeigniter4-framework-b3359be/app/Controllers/Livre.php(12): CodeIgniter\BaseModel->findAll()
#6 /home/itu/L2/S4/Rojo/codeigniter4-framework-b3359be/system/CodeIgniter.php(951): App\Controllers\Livre->index()
#7 /home/itu/L2/S4/Rojo/codeigniter4-framework-b3359be/system/CodeIgniter.php(497): CodeIgniter\CodeIgniter->runController()
#8 /home/itu/L2/S4/Rojo/codeigniter4-framework-b3359be/system/CodeIgniter.php(340): CodeIgniter\CodeIgniter->handleRequest()
#9 /home/itu/L2/S4/Rojo/codeigniter4-framework-b3359be/system/Boot.php(417): CodeIgniter\CodeIgniter->run()
#10 /home/itu/L2/S4/Rojo/codeigniter4-framework-b3359be/system/Boot.php(68): CodeIgniter\Boot::runCodeIgniter()
#11 /home/itu/L2/S4/Rojo/codeigniter4-framework-b3359be/public/index.php(59): CodeIgniter\Boot::bootWeb()
#12 {main}
CRITICAL - 2026-04-15 08:46:50 --> CodeIgniter\Database\Exceptions\DatabaseException: Unable to connect to the database.
Main connection [MySQLi]: No such file or directory
[Method: GET, Route: livres]
in SYSTEMPATH/Database/BaseConnection.php on line 606.
 1 SYSTEMPATH/Database/BaseConnection.php(795): CodeIgniter\Database\BaseConnection->initialize()
 2 SYSTEMPATH/Database/BaseBuilder.php(1649): CodeIgniter\Database\BaseConnection->query()
 3 SYSTEMPATH/Model.php(253): CodeIgniter\Database\BaseBuilder->get()
 4 SYSTEMPATH/BaseModel.php(676): CodeIgniter\Model->doFindAll()
 5 APPPATH/Controllers/Livre.php(12): CodeIgniter\BaseModel->findAll()
 6 SYSTEMPATH/CodeIgniter.php(951): App\Controllers\Livre->index()
 7 SYSTEMPATH/CodeIgniter.php(497): CodeIgniter\CodeIgniter->runController()
 8 SYSTEMPATH/CodeIgniter.php(340): CodeIgniter\CodeIgniter->handleRequest()
 9 SYSTEMPATH/Boot.php(417): CodeIgniter\CodeIgniter->run()
10 SYSTEMPATH/Boot.php(68): CodeIgniter\Boot::runCodeIgniter()
11 FCPATH/index.php(59): CodeIgniter\Boot::bootWeb()
